#
# There is insufficient memory for the Java Runtime Environment to continue.
# Native memory allocation (mmap) failed to map 69730304 bytes for committing reserved memory.
# Possible reasons:
#   The system is out of physical RAM or swap space
#   In 32 bit mode, the process size limit was hit
# Possible solutions:
#   Reduce memory load on the system
#   Increase physical memory or swap space
#   Check if swap backing store is full
#   Use 64 bit Java on a 64 bit OS
#   Decrease Java heap size (-Xmx/-Xms)
#   Decrease number of Java threads
#   Decrease Java thread stack sizes (-Xss)
#   Set larger code cache with -XX:ReservedCodeCacheSize=
# This output file may be truncated or incomplete.
#
#  Out of Memory Error (os_linux.cpp:2627), pid=20107, tid=0x00007f46487d6700
#
# JRE version: OpenJDK Runtime Environment (8.0_76-b03) (build 1.8.0_76-release-b03)
# Java VM: OpenJDK 64-Bit Server VM (25.76-b03 mixed mode linux-amd64 compressed oops)
# Core dump written. Default location: /home/gabriel/Projects/Android/EventoApp/core or core.20107
#

---------------  T H R E A D  ---------------

Current thread (0x00007f4660071800):  VMThread [stack: 0x00007f46486d6000,0x00007f46487d7000] [id=20113]

Stack: [0x00007f46486d6000,0x00007f46487d7000],  sp=0x00007f46487d54d0,  free space=1021k
Native frames: (J=compiled Java code, j=interpreted, Vv=VM code, C=native code)
V  [libjvm.so+0x9d9fcd]  VMError::report_and_die()+0x15d
V  [libjvm.so+0x4b4d4a]  report_vm_out_of_memory(char const*, int, unsigned long, VMErrorType, char const*)+0x8a
V  [libjvm.so+0x845190]  os::pd_commit_memory(char*, unsigned long, unsigned long, bool)+0xf0
V  [libjvm.so+0x83fcbf]  os::commit_memory(char*, unsigned long, unsigned long, bool)+0x1f
V  [libjvm.so+0x8b4d9b]  PSVirtualSpace::expand_by(unsigned long)+0x5b
V  [libjvm.so+0x8a5b7b]  PSOldGen::expand_by(unsigned long) [clone .part.109]+0x1b
V  [libjvm.so+0x8a5d3b]  PSOldGen::expand(unsigned long) [clone .part.111]+0xdb
V  [libjvm.so+0x8a6618]  PSOldGen::resize(unsigned long)+0x188
V  [libjvm.so+0x8abc2c]  PSParallelCompact::invoke_no_policy(bool)+0x97c
V  [libjvm.so+0x8b2d3d]  PSScavenge::invoke()+0x17d
V  [libjvm.so+0x8681f3]  ParallelScavengeHeap::failed_mem_allocate(unsigned long)+0x63
V  [libjvm.so+0x9dba94]  VM_ParallelGCFailedAllocation::doit()+0x84
V  [libjvm.so+0x9dfe47]  VM_Operation::evaluate()+0x47
V  [libjvm.so+0x9de908]  VMThread::evaluate_operation(VM_Operation*)+0x2c8
V  [libjvm.so+0x9ded89]  VMThread::loop()+0x219
V  [libjvm.so+0x9df1d2]  VMThread::run()+0x72
V  [libjvm.so+0x8425b2]  java_start(Thread*)+0xf2

VM_Operation (0x00007f46134f8170): ParallelGCFailedAllocation, mode: safepoint, requested by thread 0x00007f464404c800


---------------  P R O C E S S  ---------------

Java Threads: ( => current thread )
  0x00007f464c082000 JavaThread "pool-62-thread-4" [_thread_blocked, id=20409, stack(0x00007f4611bee000,0x00007f4611cef000)]
  0x00007f464c081800 JavaThread "pool-62-thread-3" [_thread_blocked, id=20408, stack(0x00007f460bdc5000,0x00007f460bec6000)]
  0x00007f464c080800 JavaThread "pool-62-thread-2" [_thread_blocked, id=20407, stack(0x00007f460bcc4000,0x00007f460bdc5000)]
  0x00007f464c0e7800 JavaThread "pool-63-thread-1" [_thread_blocked, id=20406, stack(0x00007f46118eb000,0x00007f46119ec000)]
  0x00007f464c091000 JavaThread "pool-62-thread-1" [_thread_blocked, id=20405, stack(0x00007f4611cef000,0x00007f4611df0000)]
  0x00007f461802e000 JavaThread "pool-47-thread-4" [_thread_blocked, id=20390, stack(0x00007f46115e8000,0x00007f46116e9000)]
  0x00007f4618018000 JavaThread "pool-47-thread-3" [_thread_blocked, id=20389, stack(0x00007f4610d52000,0x00007f4610e53000)]
  0x00007f461801a000 JavaThread "pool-47-thread-2" [_thread_blocked, id=20388, stack(0x00007f4611ff2000,0x00007f46120f3000)]
  0x00007f461801e000 JavaThread "pool-48-thread-1" [_thread_blocked, id=20387, stack(0x00007f460b4d9000,0x00007f460b5da000)]
  0x00007f461801c800 JavaThread "pool-47-thread-1" [_thread_blocked, id=20386, stack(0x00007f460b3d8000,0x00007f460b4d9000)]
  0x00007f464000e800 JavaThread "process reaper" daemon [_thread_blocked, id=20330, stack(0x00007f460b164000,0x00007f460b19d000)]
  0x00007f464c0de800 JavaThread "process reaper" daemon [_thread_blocked, id=20327, stack(0x00007f460b39f000,0x00007f460b3d8000)]
  0x00007f4660be9000 JavaThread "process reaper" daemon [_thread_blocked, id=20324, stack(0x00007f460b5da000,0x00007f460b613000)]
  0x0000000002546800 JavaThread "process reaper" daemon [_thread_blocked, id=20321, stack(0x00007f460b815000,0x00007f460b84e000)]
  0x00007f460d07f000 JavaThread "process reaper" daemon [_thread_blocked, id=20318, stack(0x00007f460ba50000,0x00007f460ba89000)]
  0x00007f4618016000 JavaThread "process reaper" daemon [_thread_blocked, id=20315, stack(0x00007f460bc8b000,0x00007f460bcc4000)]
  0x00007f46304a3800 JavaThread "process reaper" daemon [_thread_blocked, id=20312, stack(0x00007f460bec6000,0x00007f460beff000)]
  0x00007f461c006000 JavaThread "process reaper" daemon [_thread_blocked, id=20309, stack(0x00007f461010d000,0x00007f4610146000)]
  0x00007f460d04f000 JavaThread "process reaper" daemon [_thread_blocked, id=20291, stack(0x00007f4611156000,0x00007f461118f000)]
  0x00007f4618014800 JavaThread "process reaper" daemon [_thread_blocked, id=20290, stack(0x00007f461118f000,0x00007f46111c8000)]
  0x00007f4614006000 JavaThread "process reaper" daemon [_thread_blocked, id=20289, stack(0x00007f46111c8000,0x00007f4611201000)]
  0x00007f462002b000 JavaThread "process reaper" daemon [_thread_blocked, id=20288, stack(0x00007f4611201000,0x00007f461123a000)]
  0x00007f462c2a3000 JavaThread "process reaper" daemon [_thread_blocked, id=20287, stack(0x00007f461123a000,0x00007f4611273000)]
  0x00007f4638003800 JavaThread "process reaper" daemon [_thread_blocked, id=20286, stack(0x00007f4611273000,0x00007f46112ac000)]
  0x00007f4634009800 JavaThread "process reaper" daemon [_thread_blocked, id=20284, stack(0x00007f46112ac000,0x00007f46112e5000)]
  0x00007f463c03b800 JavaThread "process reaper" daemon [_thread_blocked, id=20274, stack(0x00007f4628007000,0x00007f4628040000)]
  0x00007f464403f800 JavaThread "process reaper" daemon [_thread_blocked, id=20272, stack(0x00007f4628040000,0x00007f4628079000)]
  0x00007f4640008800 JavaThread "process reaper" daemon [_thread_blocked, id=20252, stack(0x00007f4628079000,0x00007f46280b2000)]
  0x00007f4634008800 JavaThread "process reaper" daemon [_thread_blocked, id=20251, stack(0x00007f46280b2000,0x00007f46280eb000)]
  0x00007f4638002800 JavaThread "process reaper" daemon [_thread_blocked, id=20250, stack(0x00007f462979b000,0x00007f46297d4000)]
  0x00007f460d04e000 JavaThread "pool-25-thread-2" [_thread_blocked, id=20239, stack(0x00007f46128f5000,0x00007f46129f6000)]
  0x00007f460d04d000 JavaThread "pool-25-thread-1" [_thread_blocked, id=20238, stack(0x00007f4613aff000,0x00007f4613c00000)]
  0x00007f460cbf4800 JavaThread "Stdin handler" [_thread_blocked, id=20237, stack(0x00007f462a24d000,0x00007f462a34e000)]
  0x00007f460c019800 JavaThread "Asynchronous log dispatcher for org.gradle.launcher.daemon.server.DefaultDaemonConnection@2e5ea116" [_thread_blocked, id=20235, stack(0x00007f462a34e000,0x00007f462a44f000)]
  0x00007f4618005800 JavaThread "Cancel handler" [_thread_blocked, id=20233, stack(0x00007f462a550000,0x00007f462a651000)]
  0x00007f461800d800 JavaThread "Handler for socket connection from /127.0.0.1:36923 to /127.0.0.1:50360" [_thread_in_native, id=20232, stack(0x00007f462a651000,0x00007f462a752000)]
  0x00007f464404c800 JavaThread "pool-7-thread-4" [_thread_blocked, id=20172, stack(0x00007f46133fa000,0x00007f46134fb000)]
  0x00007f462400d000 JavaThread "pool-7-thread-3" [_thread_blocked, id=20164, stack(0x00007f4612bf8000,0x00007f4612cf9000)]
  0x00007f4644040800 JavaThread "pool-7-thread-2" [_thread_blocked, id=20152, stack(0x00007f46135fc000,0x00007f46136fd000)]
  0x00007f462400b800 JavaThread "pool-7-thread-1" [_thread_blocked, id=20151, stack(0x00007f46136fd000,0x00007f46137fe000)]
  0x00007f460c87d800 JavaThread "File lock request listener" [_thread_in_native, id=20135, stack(0x00007f462949a000,0x00007f462959b000)]
  0x00007f461800f000 JavaThread "Daemon worker" [_thread_blocked, id=20126, stack(0x00007f462a44f000,0x00007f462a550000)]
  0x00007f4620016800 JavaThread "Daemon" [_thread_blocked, id=20123, stack(0x00007f462a752000,0x00007f462a853000)]
  0x00007f4660b77000 JavaThread "pool-1-thread-1" [_thread_blocked, id=20122, stack(0x00007f462a853000,0x00007f462a954000)]
  0x00007f4660b21800 JavaThread "Incoming local TCP Connector on port 36923" [_thread_in_native, id=20121, stack(0x00007f462ab54000,0x00007f462ac55000)]
  0x00007f46600b8000 JavaThread "Service Thread" daemon [_thread_blocked, id=20119, stack(0x00007f462beff000,0x00007f462c000000)]
  0x00007f46600b5000 JavaThread "C1 CompilerThread1" daemon [_thread_blocked, id=20118, stack(0x00007f4648035000,0x00007f4648136000)]
  0x00007f46600b2000 JavaThread "C2 CompilerThread0" daemon [_thread_blocked, id=20117, stack(0x00007f4648136000,0x00007f4648237000)]
  0x00007f46600b0800 JavaThread "Signal Dispatcher" daemon [_thread_blocked, id=20116, stack(0x00007f4648237000,0x00007f4648338000)]
  0x00007f466007e000 JavaThread "Finalizer" daemon [_thread_blocked, id=20115, stack(0x00007f46484d4000,0x00007f46485d5000)]
  0x00007f4660079000 JavaThread "Reference Handler" daemon [_thread_blocked, id=20114, stack(0x00007f46485d5000,0x00007f46486d6000)]
  0x00007f4660008000 JavaThread "main" [_thread_blocked, id=20110, stack(0x00007f46670b1000,0x00007f46671b2000)]

Other Threads:
=>0x00007f4660071800 VMThread [stack: 0x00007f46486d6000,0x00007f46487d7000] [id=20113]
  0x00007f46600ba000 WatcherThread [stack: 0x00007f462bdfe000,0x00007f462beff000] [id=20120]

VM state:at safepoint (normal execution)

VM Mutex/Monitor currently owned by a thread:  ([mutex/lock_event])
[0x00007f4660005b70] ExpandHeap_lock - owner thread: 0x00007f4660071800
[0x00007f46600061f0] Threads_lock - owner thread: 0x00007f4660071800
[0x00007f46600066f0] Heap_lock - owner thread: 0x00007f464404c800

Heap:
 PSYoungGen      total 449536K, used 14294K [0x00000000e0000000, 0x0000000100000000, 0x0000000100000000)
  eden space 418304K, 0% used [0x00000000e0000000,0x00000000e0000000,0x00000000f9880000)
  from space 31232K, 45% used [0x00000000f9880000,0x00000000fa675bb0,0x00000000fb700000)
  to   space 52224K, 0% used [0x00000000fcd00000,0x00000000fcd00000,0x0000000100000000)
 ParOldGen       total 95744K, used 95598K [0x00000000a0000000, 0x00000000a5d80000, 0x00000000e0000000)
  object space 95744K, 99% used [0x00000000a0000000,0x00000000a5d5b8a8,0x00000000a5d80000)
 Metaspace       used 67186K, capacity 69206K, committed 69376K, reserved 1110016K
  class space    used 8507K, capacity 8934K, committed 8960K, reserved 1048576K

Card table byte_map: [0x00007f46642c9000,0x00007f46645ca000] byte_map_base: 0x00007f4663dc9000

Marking Bits: (ParMarkBitMap*) 0x00007f46665c81a0
 Begin Bits: [0x00007f4649000000, 0x00007f464a800000)
 End Bits:   [0x00007f464a800000, 0x00007f464c000000)

Polling page: 0x00007f46671ea000

CodeCache: size=245760Kb used=38252Kb max_used=38252Kb free=207507Kb
 bounds [0x00007f4651000000, 0x00007f4653590000, 0x00007f4660000000]
 total_blobs=12805 nmethods=12065 adapters=654
 compilation: enabled

Compilation events (10 events):
Event: 111,314 Thread 0x00007f46600b5000 14724       2       com.android.dx.rop.code.RegisterSpec::compareTo (9 bytes)
Event: 111,314 Thread 0x00007f46600b5000 nmethod 14724 0x00007f465358a010 code [0x00007f465358a180, 0x00007f465358a328]
Event: 111,322 Thread 0x00007f46600b5000 14725       2       com.android.dx.ssa.back.FirstFitLocalCombiningAllocator::ssaSetToSpecs (57 bytes)
Event: 111,323 Thread 0x00007f46600b5000 nmethod 14725 0x00007f465358a3d0 code [0x00007f465358a5e0, 0x00007f465358ac68]
Event: 111,353 Thread 0x00007f46600b5000 14726       2       java.util.concurrent.ConcurrentHashMap::comparableClassFor (105 bytes)
Event: 111,354 Thread 0x00007f46600b5000 nmethod 14726 0x00007f465358b490 code [0x00007f465358b660, 0x00007f465358bac8]
Event: 111,386 Thread 0x00007f46600b5000 14728 %     3       com.android.dx.util.Bits::isEmpty @ 5 (26 bytes)
Event: 111,387 Thread 0x00007f46600b5000 nmethod 14728% 0x00007f465358bdd0 code [0x00007f465358bf40, 0x00007f465358c1f0]
Event: 111,488 Thread 0x00007f46600b5000 14731       2       com.android.dx.dex.code.SwitchData::sparseCodeSize (16 bytes)
Event: 111,489 Thread 0x00007f46600b5000 nmethod 14731 0x00007f465358c350 code [0x00007f465358c4a0, 0x00007f465358c5f0]

GC Heap History (10 events):
Event: 96,456 GC heap after
Heap after GC invocations=24 (full 5):
 PSYoungGen      total 333824K, used 2528K [0x00000000e0000000, 0x00000000f9a00000, 0x0000000100000000)
  eden space 307200K, 0% used [0x00000000e0000000,0x00000000e0000000,0x00000000f2c00000)
  from space 26624K, 9% used [0x00000000f2c00000,0x00000000f2e78000,0x00000000f4600000)
  to   space 26112K, 0% used [0x00000000f8080000,0x00000000f8080000,0x00000000f9a00000)
 ParOldGen       total 95744K, used 33645K [0x00000000a0000000, 0x00000000a5d80000, 0x00000000e0000000)
  object space 95744K, 35% used [0x00000000a0000000,0x00000000a20db4d0,0x00000000a5d80000)
 Metaspace       used 64815K, capacity 66620K, committed 66944K, reserved 1107968K
  class space    used 8320K, capacity 8705K, committed 8832K, reserved 1048576K
}
Event: 102,783 GC heap before
{Heap before GC invocations=25 (full 5):
 PSYoungGen      total 333824K, used 308906K [0x00000000e0000000, 0x00000000f9a00000, 0x0000000100000000)
  eden space 307200K, 99% used [0x00000000e0000000,0x00000000f2b329d8,0x00000000f2c00000)
  from space 26624K, 9% used [0x00000000f2c00000,0x00000000f2e78000,0x00000000f4600000)
  to   space 26112K, 0% used [0x00000000f8080000,0x00000000f8080000,0x00000000f9a00000)
 ParOldGen       total 95744K, used 33645K [0x00000000a0000000, 0x00000000a5d80000, 0x00000000e0000000)
  object space 95744K, 35% used [0x00000000a0000000,0x00000000a20db4d0,0x00000000a5d80000)
 Metaspace       used 66066K, capacity 68066K, committed 68352K, reserved 1107968K
  class space    used 8413K, capacity 8848K, committed 8960K, reserved 1048576K
Event: 102,818 GC heap after
Heap after GC invocations=25 (full 5):
 PSYoungGen      total 377344K, used 8856K [0x00000000e0000000, 0x00000000f9080000, 0x0000000100000000)
  eden space 360960K, 0% used [0x00000000e0000000,0x00000000e0000000,0x00000000f6080000)
  from space 16384K, 54% used [0x00000000f8080000,0x00000000f8926068,0x00000000f9080000)
  to   space 24576K, 0% used [0x00000000f6080000,0x00000000f6080000,0x00000000f7880000)
 ParOldGen       total 95744K, used 34638K [0x00000000a0000000, 0x00000000a5d80000, 0x00000000e0000000)
  object space 95744K, 36% used [0x00000000a0000000,0x00000000a21d3af8,0x00000000a5d80000)
 Metaspace       used 66066K, capacity 68066K, committed 68352K, reserved 1107968K
  class space    used 8413K, capacity 8848K, committed 8960K, reserved 1048576K
}
Event: 105,247 GC heap before
{Heap before GC invocations=26 (full 5):
 PSYoungGen      total 377344K, used 369816K [0x00000000e0000000, 0x00000000f9080000, 0x0000000100000000)
  eden space 360960K, 100% used [0x00000000e0000000,0x00000000f6080000,0x00000000f6080000)
  from space 16384K, 54% used [0x00000000f8080000,0x00000000f8926068,0x00000000f9080000)
  to   space 24576K, 0% used [0x00000000f6080000,0x00000000f6080000,0x00000000f7880000)
 ParOldGen       total 95744K, used 34638K [0x00000000a0000000, 0x00000000a5d80000, 0x00000000e0000000)
  object space 95744K, 36% used [0x00000000a0000000,0x00000000a21d3af8,0x00000000a5d80000)
 Metaspace       used 66860K, capacity 68962K, committed 69120K, reserved 1110016K
  class space    used 8507K, capacity 8938K, committed 8960K, reserved 1048576K
Event: 105,300 GC heap after
Heap after GC invocations=26 (full 5):
 PSYoungGen      total 385536K, used 13638K [0x00000000e0000000, 0x00000000fcf80000, 0x0000000100000000)
  eden space 360960K, 0% used [0x00000000e0000000,0x00000000e0000000,0x00000000f6080000)
  from space 24576K, 55% used [0x00000000f6080000,0x00000000f6dd19f8,0x00000000f7880000)
  to   space 25088K, 0% used [0x00000000fb700000,0x00000000fb700000,0x00000000fcf80000)
 ParOldGen       total 95744K, used 34646K [0x00000000a0000000, 0x00000000a5d80000, 0x00000000e0000000)
  object space 95744K, 36% used [0x00000000a0000000,0x00000000a21d5af8,0x00000000a5d80000)
 Metaspace       used 66860K, capacity 68962K, committed 69120K, reserved 1110016K
  class space    used 8507K, capacity 8938K, committed 8960K, reserved 1048576K
}
Event: 108,481 GC heap before
{Heap before GC invocations=27 (full 5):
 PSYoungGen      total 385536K, used 374598K [0x00000000e0000000, 0x00000000fcf80000, 0x0000000100000000)
  eden space 360960K, 100% used [0x00000000e0000000,0x00000000f6080000,0x00000000f6080000)
  from space 24576K, 55% used [0x00000000f6080000,0x00000000f6dd19f8,0x00000000f7880000)
  to   space 25088K, 0% used [0x00000000fb700000,0x00000000fb700000,0x00000000fcf80000)
 ParOldGen       total 95744K, used 34646K [0x00000000a0000000, 0x00000000a5d80000, 0x00000000e0000000)
  object space 95744K, 36% used [0x00000000a0000000,0x00000000a21d5af8,0x00000000a5d80000)
 Metaspace       used 67109K, capacity 69154K, committed 69376K, reserved 1110016K
  class space    used 8508K, capacity 8938K, committed 8960K, reserved 1048576K
Event: 108,648 GC heap after
Heap after GC invocations=27 (full 5):
 PSYoungGen      total 443392K, used 25069K [0x00000000e0000000, 0x00000000fe680000, 0x0000000100000000)
  eden space 418304K, 0% used [0x00000000e0000000,0x00000000e0000000,0x00000000f9880000)
  from space 25088K, 99% used [0x00000000fb700000,0x00000000fcf7b648,0x00000000fcf80000)
  to   space 31232K, 0% used [0x00000000f9880000,0x00000000f9880000,0x00000000fb700000)
 ParOldGen       total 95744K, used 40484K [0x00000000a0000000, 0x00000000a5d80000, 0x00000000e0000000)
  object space 95744K, 42% used [0x00000000a0000000,0x00000000a27893b8,0x00000000a5d80000)
 Metaspace       used 67109K, capacity 69154K, committed 69376K, reserved 1110016K
  class space    used 8508K, capacity 8938K, committed 8960K, reserved 1048576K
}
Event: 111,524 GC heap before
{Heap before GC invocations=28 (full 5):
 PSYoungGen      total 443392K, used 443373K [0x00000000e0000000, 0x00000000fe680000, 0x0000000100000000)
  eden space 418304K, 100% used [0x00000000e0000000,0x00000000f9880000,0x00000000f9880000)
  from space 25088K, 99% used [0x00000000fb700000,0x00000000fcf7b648,0x00000000fcf80000)
  to   space 31232K, 0% used [0x00000000f9880000,0x00000000f9880000,0x00000000fb700000)
 ParOldGen       total 95744K, used 40484K [0x00000000a0000000, 0x00000000a5d80000, 0x00000000e0000000)
  object space 95744K, 42% used [0x00000000a0000000,0x00000000a27893b8,0x00000000a5d80000)
 Metaspace       used 67191K, capacity 69218K, committed 69376K, reserved 1110016K
  class space    used 8509K, capacity 8938K, committed 8960K, reserved 1048576K
Event: 112,235 GC heap after
Heap after GC invocations=28 (full 5):
 PSYoungGen      total 449536K, used 31218K [0x00000000e0000000, 0x0000000100000000, 0x0000000100000000)
  eden space 418304K, 0% used [0x00000000e0000000,0x00000000e0000000,0x00000000f9880000)
  from space 31232K, 99% used [0x00000000f9880000,0x00000000fb6fca40,0x00000000fb700000)
  to   space 52224K, 0% used [0x00000000fcd00000,0x00000000fcd00000,0x0000000100000000)
 ParOldGen       total 95744K, used 81891K [0x00000000a0000000, 0x00000000a5d80000, 0x00000000e0000000)
  object space 95744K, 85% used [0x00000000a0000000,0x00000000a4ff8c38,0x00000000a5d80000)
 Metaspace       used 67191K, capacity 69218K, committed 69376K, reserved 1110016K
  class space    used 8509K, capacity 8938K, committed 8960K, reserved 1048576K
}
Event: 112,629 GC heap before
{Heap before GC invocations=29 (full 6):
 PSYoungGen      total 449536K, used 31218K [0x00000000e0000000, 0x0000000100000000, 0x0000000100000000)
  eden space 418304K, 0% used [0x00000000e0000000,0x00000000e0000000,0x00000000f9880000)
  from space 31232K, 99% used [0x00000000f9880000,0x00000000fb6fca40,0x00000000fb700000)
  to   space 52224K, 0% used [0x00000000fcd00000,0x00000000fcd00000,0x0000000100000000)
 ParOldGen       total 95744K, used 81891K [0x00000000a0000000, 0x00000000a5d80000, 0x00000000e0000000)
  object space 95744K, 85% used [0x00000000a0000000,0x00000000a4ff8c38,0x00000000a5d80000)
 Metaspace       used 67191K, capacity 69218K, committed 69376K, reserved 1110016K
  class space    used 8509K, capacity 8938K, committed 8960K, reserved 1048576K

Deoptimization events (10 events):
Event: 107,068 Thread 0x00007f4640020800 Uncommon trap: reason=class_check action=maybe_recompile pc=0x00007f465331cd48 method=com.android.dx.cf.code.BytecodeArray.parseInstruction(ILcom/android/dx/cf/code/BytecodeArray$Visitor;)I @ 2281
Event: 107,099 Thread 0x00007f464001f000 Uncommon trap: reason=class_check action=maybe_recompile pc=0x00007f465331cd48 method=com.android.dx.cf.code.BytecodeArray.parseInstruction(ILcom/android/dx/cf/code/BytecodeArray$Visitor;)I @ 2281
Event: 107,104 Thread 0x00007f464001d800 Uncommon trap: reason=unstable_if action=reinterpret pc=0x00007f4653334ef8 method=com.android.dx.util.IntList.binarysearch(I)I @ 105
Event: 108,778 Thread 0x00007f4618018000 Uncommon trap: reason=bimorphic action=maybe_recompile pc=0x00007f4653496cb0 method=com.android.dx.cf.code.BytecodeArray.parseInstruction(ILcom/android/dx/cf/code/BytecodeArray$Visitor;)I @ 939
Event: 108,779 Thread 0x00007f4618018000 Uncommon trap: reason=bimorphic action=maybe_recompile pc=0x00007f4653496cb0 method=com.android.dx.cf.code.BytecodeArray.parseInstruction(ILcom/android/dx/cf/code/BytecodeArray$Visitor;)I @ 939
Event: 108,798 Thread 0x00007f461801a000 Uncommon trap: reason=bimorphic action=maybe_recompile pc=0x00007f4653496cb0 method=com.android.dx.cf.code.BytecodeArray.parseInstruction(ILcom/android/dx/cf/code/BytecodeArray$Visitor;)I @ 939
Event: 108,798 Thread 0x00007f461801a000 Uncommon trap: reason=bimorphic action=maybe_recompile pc=0x00007f4653496cb0 method=com.android.dx.cf.code.BytecodeArray.parseInstruction(ILcom/android/dx/cf/code/BytecodeArray$Visitor;)I @ 939
Event: 110,683 Thread 0x00007f461801a000 Uncommon trap: reason=unstable_if action=reinterpret pc=0x00007f4652c7b3a0 method=java.util.concurrent.ConcurrentHashMap.putVal(Ljava/lang/Object;Ljava/lang/Object;Z)Ljava/lang/Object; @ 331
Event: 111,059 Thread 0x00007f461802e000 Uncommon trap: reason=unstable_if action=reinterpret pc=0x00007f46533ef594 method=com.android.dx.ssa.SCCP.simulateBranch(Lcom/android/dx/ssa/SsaInsn;)V @ 140
Event: 111,241 Thread 0x00007f464c081800 Uncommon trap: reason=unstable_if action=reinterpret pc=0x00007f46516e5790 method=java.util.HashMap.getNode(ILjava/lang/Object;)Ljava/util/HashMap$Node; @ 84

Internal exceptions (10 events):
Event: 81,914 Thread 0x00007f461800f000 Exception <a 'java/lang/reflect/InvocationTargetException'> (0x00000000e56ebbe8) thrown at [/ssd/Android/AOSP-openjdk/external/jetbrains/jdk/hotspot/src/share/vm/runtime/reflection.cpp, line 1092]
Event: 84,741 Thread 0x00007f461800f000 Exception <a 'java/lang/NoSuchMethodError': <clinit>> (0x00000000e97b5430) thrown at [/ssd/Android/AOSP-openjdk/external/jetbrains/jdk/hotspot/src/share/vm/prims/jni.cpp, line 1591]
Event: 96,187 Thread 0x00007f461800f000 Exception <a 'java/lang/ClassNotFoundException': asLocalRepo70_bvbb7om5d0mi7l2qglnugccf5BeanInfo> (0x00000000f1592530) thrown at [/ssd/Android/AOSP-openjdk/external/jetbrains/jdk/hotspot/src/share/vm/classfile/systemDictionary.cpp, line 210]
Event: 96,188 Thread 0x00007f461800f000 Exception <a 'java/lang/ClassNotFoundException': asLocalRepo70_bvbb7om5d0mi7l2qglnugccf5Customizer> (0x00000000f159c290) thrown at [/ssd/Android/AOSP-openjdk/external/jetbrains/jdk/hotspot/src/share/vm/classfile/systemDictionary.cpp, line 210]
Event: 96,893 Thread 0x00007f461800f000 Exception <a 'java/lang/reflect/InvocationTargetException'> (0x00000000e2e37cd8) thrown at [/ssd/Android/AOSP-openjdk/external/jetbrains/jdk/hotspot/src/share/vm/runtime/reflection.cpp, line 1092]
Event: 97,499 Thread 0x00007f461800f000 Exception <a 'java/lang/ClassNotFoundException': com/android/build/gradle/internal/LibraryCache$1BeanInfo> (0x00000000e4823d70) thrown at [/ssd/Android/AOSP-openjdk/external/jetbrains/jdk/hotspot/src/share/vm/classfile/systemDictionary.cpp, line 210]
Event: 97,500 Thread 0x00007f461800f000 Exception <a 'java/lang/ClassNotFoundException': com/android/build/gradle/internal/LibraryCache$1Customizer> (0x00000000e4834608) thrown at [/ssd/Android/AOSP-openjdk/external/jetbrains/jdk/hotspot/src/share/vm/classfile/systemDictionary.cpp, line 210]
Event: 99,290 Thread 0x00007f461800f000 Implicit null exception at 0x00007f46518f2497 to 0x00007f46518f258b
Event: 104,296 Thread 0x00007f461800f000 Exception <a 'java/lang/NoSuchMethodError': <clinit>> (0x00000000f0dedfb8) thrown at [/ssd/Android/AOSP-openjdk/external/jetbrains/jdk/hotspot/src/share/vm/prims/jni.cpp, line 1591]
Event: 104,845 Thread 0x00007f464001f000 Implicit null exception at 0x00007f46518bb622 to 0x00007f46518bb6c2

Events (10 events):
Event: 111,459 Thread 0x00007f461801c800 DEOPT UNPACKING pc=0x00007f4651046f73 sp=0x00007f460b4d6b58 mode 0
Event: 111,477 Thread 0x00007f461801c800 DEOPT PACKING pc=0x00007f46533a1587 sp=0x00007f460b4d6e60
Event: 111,477 Thread 0x00007f461801c800 DEOPT UNPACKING pc=0x00007f4651046f73 sp=0x00007f460b4d6bc8 mode 0
Event: 111,504 Thread 0x00007f461801a000 DEOPT PACKING pc=0x00007f46533a1587 sp=0x00007f46120f0dd0
Event: 111,504 Thread 0x00007f461801a000 DEOPT UNPACKING pc=0x00007f4651046f73 sp=0x00007f46120f0b38 mode 0
Event: 111,509 Thread 0x00007f461802e000 DEOPT PACKING pc=0x00007f46533a1587 sp=0x00007f46116e6dc0
Event: 111,509 Thread 0x00007f461802e000 DEOPT UNPACKING pc=0x00007f4651046f73 sp=0x00007f46116e6b28 mode 0
Event: 111,509 Thread 0x00007f462400b800 DEOPT PACKING pc=0x00007f465132eb68 sp=0x00007f46137fb7c0
Event: 111,509 Thread 0x00007f462400b800 DEOPT UNPACKING pc=0x00007f4651046f73 sp=0x00007f46137fb550 mode 0
Event: 111,513 Executing VM operation: ParallelGCFailedAllocation


Dynamic libraries:
00400000-00401000 r-xp 00000000 08:06 4588689                            /opt/android-studio/jre/bin/java
00600000-00601000 r--p 00000000 08:06 4588689                            /opt/android-studio/jre/bin/java
00601000-00602000 rw-p 00001000 08:06 4588689                            /opt/android-studio/jre/bin/java
0251f000-02588000 rw-p 00000000 00:00 0                                  [heap]
a0000000-a5d80000 rw-p 00000000 00:00 0 
aa000000-e0000000 ---p 00000000 00:00 0 
e0000000-100000000 rw-p 00000000 00:00 0 
100000000-1008c0000 rw-p 00000000 00:00 0 
1008c0000-140000000 ---p 00000000 00:00 0 
7f460a75a000-7f460a75d000 ---p 00000000 00:00 0 
7f460a75d000-7f460a85b000 rw-p 00000000 00:00 0 
7f460a85b000-7f460a85e000 ---p 00000000 00:00 0 
7f460a85e000-7f460a95c000 rw-p 00000000 00:00 0 
7f460b164000-7f460b167000 ---p 00000000 00:00 0 
7f460b167000-7f460b19d000 rw-p 00000000 00:00 0 
7f460b39f000-7f460b3a2000 ---p 00000000 00:00 0 
7f460b3a2000-7f460b3d8000 rw-p 00000000 00:00 0 
7f460b3d8000-7f460b3db000 ---p 00000000 00:00 0 
7f460b3db000-7f460b4d9000 rw-p 00000000 00:00 0 
7f460b4d9000-7f460b4dc000 ---p 00000000 00:00 0 
7f460b4dc000-7f460b5da000 rw-p 00000000 00:00 0 
7f460b5da000-7f460b5dd000 ---p 00000000 00:00 0 
7f460b5dd000-7f460b613000 rw-p 00000000 00:00 0 
7f460b815000-7f460b818000 ---p 00000000 00:00 0 
7f460b818000-7f460b84e000 rw-p 00000000 00:00 0 
7f460b84e000-7f460b851000 ---p 00000000 00:00 0 
7f460b851000-7f460b94f000 rw-p 00000000 00:00 0 
7f460b94f000-7f460b952000 ---p 00000000 00:00 0 
7f460b952000-7f460ba50000 rw-p 00000000 00:00 0 
7f460ba50000-7f460ba53000 ---p 00000000 00:00 0 
7f460ba53000-7f460ba89000 rw-p 00000000 00:00 0 
7f460ba89000-7f460ba8c000 ---p 00000000 00:00 0 
7f460ba8c000-7f460bb8a000 rw-p 00000000 00:00 0 
7f460bb8a000-7f460bb8d000 ---p 00000000 00:00 0 
7f460bb8d000-7f460bc8b000 rw-p 00000000 00:00 0 
7f460bc8b000-7f460bc8e000 ---p 00000000 00:00 0 
7f460bc8e000-7f460bcc4000 rw-p 00000000 00:00 0 
7f460bcc4000-7f460bcc7000 ---p 00000000 00:00 0 
7f460bcc7000-7f460bdc5000 rw-p 00000000 00:00 0 
7f460bdc5000-7f460bdc8000 ---p 00000000 00:00 0 
7f460bdc8000-7f460bec6000 rw-p 00000000 00:00 0 
7f460bec6000-7f460bec9000 ---p 00000000 00:00 0 
7f460bec9000-7f460beff000 rw-p 00000000 00:00 0 
7f460c000000-7f460d686000 rw-p 00000000 00:00 0 
7f460d686000-7f4610000000 ---p 00000000 00:00 0 
7f461010d000-7f4610110000 ---p 00000000 00:00 0 
7f4610110000-7f4610146000 rw-p 00000000 00:00 0 
7f4610348000-7f461034b000 ---p 00000000 00:00 0 
7f461034b000-7f4610449000 rw-p 00000000 00:00 0 
7f4610449000-7f461044c000 ---p 00000000 00:00 0 
7f461044c000-7f461054a000 rw-p 00000000 00:00 0 
7f461054a000-7f461054d000 ---p 00000000 00:00 0 
7f461054d000-7f461064b000 rw-p 00000000 00:00 0 
7f461074c000-7f461074f000 ---p 00000000 00:00 0 
7f461074f000-7f461084d000 rw-p 00000000 00:00 0 
7f461084d000-7f4610850000 ---p 00000000 00:00 0 
7f4610850000-7f461094e000 rw-p 00000000 00:00 0 
7f461094e000-7f4610951000 ---p 00000000 00:00 0 
7f4610951000-7f4610a4f000 rw-p 00000000 00:00 0 
7f4610a4f000-7f4610a52000 ---p 00000000 00:00 0 
7f4610a52000-7f4610b50000 rw-p 00000000 00:00 0 
7f4610b50000-7f4610b53000 ---p 00000000 00:00 0 
7f4610b53000-7f4610c51000 rw-p 00000000 00:00 0 
7f4610c51000-7f4610c54000 ---p 00000000 00:00 0 
7f4610c54000-7f4610d52000 rw-p 00000000 00:00 0 
7f4610d52000-7f4610d55000 ---p 00000000 00:00 0 
7f4610d55000-7f4610e53000 rw-p 00000000 00:00 0 
7f4610e53000-7f4610e56000 ---p 00000000 00:00 0 
7f4610e56000-7f4610f54000 rw-p 00000000 00:00 0 
7f4610f54000-7f4610f57000 ---p 00000000 00:00 0 
7f4610f57000-7f4611055000 rw-p 00000000 00:00 0 
7f4611055000-7f4611058000 ---p 00000000 00:00 0 
7f4611058000-7f4611156000 rw-p 00000000 00:00 0 
7f4611156000-7f4611159000 ---p 00000000 00:00 0 
7f4611159000-7f461118f000 rw-p 00000000 00:00 0 
7f461118f000-7f4611192000 ---p 00000000 00:00 0 
7f4611192000-7f46111c8000 rw-p 00000000 00:00 0 
7f46111c8000-7f46111cb000 ---p 00000000 00:00 0 
7f46111cb000-7f4611201000 rw-p 00000000 00:00 0 
7f4611201000-7f4611204000 ---p 00000000 00:00 0 
7f4611204000-7f461123a000 rw-p 00000000 00:00 0 
7f461123a000-7f461123d000 ---p 00000000 00:00 0 
7f461123d000-7f4611273000 rw-p 00000000 00:00 0 
7f4611273000-7f4611276000 ---p 00000000 00:00 0 
7f4611276000-7f46112ac000 rw-p 00000000 00:00 0 
7f46112ac000-7f46112af000 ---p 00000000 00:00 0 
7f46112af000-7f46112e5000 rw-p 00000000 00:00 0 
7f46112e5000-7f46112e8000 ---p 00000000 00:00 0 
7f46112e8000-7f46113e6000 rw-p 00000000 00:00 0 
7f46113e6000-7f46113e9000 ---p 00000000 00:00 0 
7f46113e9000-7f46114e7000 rw-p 00000000 00:00 0 
7f46114e7000-7f46114ea000 ---p 00000000 00:00 0 
7f46114ea000-7f46115e8000 rw-p 00000000 00:00 0 
7f46115e8000-7f46115eb000 ---p 00000000 00:00 0 
7f46115eb000-7f46116e9000 rw-p 00000000 00:00 0 
7f46117ea000-7f46117ed000 ---p 00000000 00:00 0 
7f46117ed000-7f46118eb000 rw-p 00000000 00:00 0 
7f46118eb000-7f46118ee000 ---p 00000000 00:00 0 
7f46118ee000-7f46119ec000 rw-p 00000000 00:00 0 
7f46119ec000-7f46119ef000 ---p 00000000 00:00 0 
7f46119ef000-7f4611aed000 rw-p 00000000 00:00 0 
7f4611aed000-7f4611af0000 ---p 00000000 00:00 0 
7f4611af0000-7f4611bee000 rw-p 00000000 00:00 0 
7f4611bee000-7f4611bf1000 ---p 00000000 00:00 0 
7f4611bf1000-7f4611cef000 rw-p 00000000 00:00 0 
7f4611cef000-7f4611cf2000 ---p 00000000 00:00 0 
7f4611cf2000-7f4611df0000 rw-p 00000000 00:00 0 
7f4611df2000-7f4611ef2000 rw-p 00000000 00:00 0 
7f4611ef2000-7f4611ff2000 ---p 00000000 00:00 0 
7f4611ff2000-7f4611ff5000 ---p 00000000 00:00 0 
7f4611ff5000-7f46120f3000 rw-p 00000000 00:00 0 
7f46120f3000-7f46120f6000 ---p 00000000 00:00 0 
7f46120f6000-7f46123f4000 rw-p 00000000 00:00 0 
7f46123f4000-7f46125f4000 rw-p 00000000 00:00 0 
7f46125f4000-7f46127f4000 rw-p 00000000 00:00 0 
7f46128f5000-7f46128f8000 ---p 00000000 00:00 0 
7f46128f8000-7f46129f6000 rw-p 00000000 00:00 0 
7f46129f6000-7f46129f9000 ---p 00000000 00:00 0 
7f46129f9000-7f4612af7000 rw-p 00000000 00:00 0 
7f4612af7000-7f4612afa000 ---p 00000000 00:00 0 
7f4612afa000-7f4612bf8000 rw-p 00000000 00:00 0 
7f4612bf8000-7f4612bfb000 ---p 00000000 00:00 0 
7f4612bfb000-7f4612cf9000 rw-p 00000000 00:00 0 
7f4612cf9000-7f4612cfc000 ---p 00000000 00:00 0 
7f4612cfc000-7f4612ffa000 rw-p 00000000 00:00 0 
7f4612ffa000-7f46131fa000 rw-p 00000000 00:00 0 
7f46131fa000-7f46133fa000 rw-p 00000000 00:00 0 
7f46133fa000-7f46133fd000 ---p 00000000 00:00 0 
7f46133fd000-7f46134fb000 rw-p 00000000 00:00 0 
7f46134fb000-7f46134fe000 ---p 00000000 00:00 0 
7f46134fe000-7f46135fc000 rw-p 00000000 00:00 0 
7f46135fc000-7f46135ff000 ---p 00000000 00:00 0 
7f46135ff000-7f46136fd000 rw-p 00000000 00:00 0 
7f46136fd000-7f4613700000 ---p 00000000 00:00 0 
7f4613700000-7f46139fe000 rw-p 00000000 00:00 0 
7f4613ad7000-7f4613ae6000 r--p 00000000 08:06 1312843                    /usr/share/locale/pt_BR/LC_MESSAGES/libc.mo
7f4613ae6000-7f4613af4000 r--s 0006d000 08:06 6170570                    /home/gabriel/Projects/Android/EventoApp/app/build/intermediates/exploded-aar/com.android.support/support-compat/24.2.1/jars/classes.jar
7f4613af4000-7f4613aff000 r--s 00097000 08:06 6162966                    /home/gabriel/Projects/Android/EventoApp/app/build/intermediates/exploded-aar/com.android.support/appcompat-v7/24.2.1/jars/classes.jar
7f4613aff000-7f4613b02000 ---p 00000000 00:00 0 
7f4613b02000-7f4613e00000 rw-p 00000000 00:00 0 
7f4613e00000-7f4614000000 rw-p 00000000 00:00 0 
7f4614000000-7f4614021000 rw-p 00000000 00:00 0 
7f4614021000-7f4618000000 ---p 00000000 00:00 0 
7f4618000000-7f4618066000 rw-p 00000000 00:00 0 
7f4618066000-7f461c000000 ---p 00000000 00:00 0 
7f461c000000-7f461c021000 rw-p 00000000 00:00 0 
7f461c021000-7f4620000000 ---p 00000000 00:00 0 
7f4620000000-7f4620065000 rw-p 00000000 00:00 0 
7f4620065000-7f4624000000 ---p 00000000 00:00 0 
7f4624000000-7f46240d3000 rw-p 00000000 00:00 0 
7f46240d3000-7f4628000000 ---p 00000000 00:00 0 
7f4628007000-7f462800a000 ---p 00000000 00:00 0 
7f462800a000-7f4628040000 rw-p 00000000 00:00 0 
7f4628040000-7f4628043000 ---p 00000000 00:00 0 
7f4628043000-7f4628079000 rw-p 00000000 00:00 0 
7f4628079000-7f462807c000 ---p 00000000 00:00 0 
7f462807c000-7f46280b2000 rw-p 00000000 00:00 0 
7f46280b2000-7f46280b5000 ---p 00000000 00:00 0 
7f46280b5000-7f46280eb000 rw-p 00000000 00:00 0 
7f46280eb000-7f46280ee000 r--s 00015000 08:06 4589236                    /opt/android-studio/jre/jre/lib/jce.jar
7f46280ee000-7f46282ee000 rw-p 00000000 00:00 0 
7f46282ee000-7f46284ee000 rw-p 00000000 00:00 0 
7f46284ee000-7f46286ee000 rw-p 00000000 00:00 0 
7f46286ee000-7f4628701000 r--s 00344000 08:06 4588712                    /opt/android-studio/jre/jre/lib/resources.jar
7f4628701000-7f4628901000 rw-p 00000000 00:00 0 
7f4628901000-7f4628b01000 rw-p 00000000 00:00 0 
7f4628b01000-7f4628d01000 rw-p 00000000 00:00 0 
7f4628d01000-7f4628f01000 rw-p 00000000 00:00 0 
7f4628f01000-7f4629101000 rw-p 00000000 00:00 0 
7f4629101000-7f462912c000 r--s 001fc000 08:06 5246081                    /opt/android-studio/gradle/m2repository/com/google/guava/guava/18.0/guava-18.0.jar
7f462912c000-7f462912d000 r--s 00001000 08:06 5246168                    /opt/android-studio/gradle/m2repository/com/android/tools/annotations/25.2.0/annotations-25.2.0.jar
7f462912d000-7f462913f000 r--s 000b3000 08:06 5246381                    /opt/android-studio/gradle/m2repository/com/android/tools/external/com-intellij/uast/145.597.3/uast-145.597.3.jar
7f462913f000-7f4629147000 r--s 000a8000 08:06 5246374                    /opt/android-studio/gradle/m2repository/com/android/tools/external/lombok/lombok-ast/0.2.3/lombok-ast-0.2.3.jar
7f4629147000-7f4629149000 r--s 0000d000 08:06 5246496                    /opt/android-studio/gradle/m2repository/commons-codec/commons-codec/1.4/commons-codec-1.4.jar
7f4629149000-7f462914b000 r--s 0000d000 08:06 4591748                    /opt/android-studio/gradle/m2repository/commons-logging/commons-logging/1.1.1/commons-logging-1.1.1.jar
7f462914b000-7f4629150000 r--s 00028000 08:06 5245969                    /opt/android-studio/gradle/m2repository/org/apache/httpcomponents/httpcore/4.1/httpcore-4.1.jar
7f4629150000-7f4629154000 r--s 0002f000 08:06 5246111                    /opt/android-studio/gradle/m2repository/com/google/jimfs/jimfs/1.1/jimfs-1.1.jar
7f4629154000-7f4629155000 r--s 00004000 08:06 5246044                    /opt/android-studio/gradle/m2repository/com/intellij/annotations/12.0/annotations-12.0.jar
7f4629155000-7f4629156000 r--s 00004000 08:06 4591795                    /opt/android-studio/gradle/m2repository/org/ow2/asm/asm-analysis/5.0.4/asm-analysis-5.0.4.jar
7f4629156000-7f462915a000 r--s 0003b000 08:06 5246444                    /opt/android-studio/gradle/m2repository/com/android/tools/lint/lint-api/25.2.0/lint-api-25.2.0.jar
7f462915a000-7f462915b000 r--s 0000a000 08:06 4726633                    /opt/android-studio/gradle/m2repository/net/sf/kxml/kxml2/2.3.0/kxml2-2.3.0.jar
7f462915b000-7f462915d000 r--s 00005000 08:06 5245960                    /opt/android-studio/gradle/m2repository/org/apache/httpcomponents/httpmime/4.1/httpmime-4.1.jar
7f462915d000-7f4629165000 r--s 0004e000 08:06 5245980                    /opt/android-studio/gradle/m2repository/org/apache/httpcomponents/httpclient/4.1.1/httpclient-4.1.1.jar
7f4629165000-7f462916c000 r--s 00053000 08:06 5245992                    /opt/android-studio/gradle/m2repository/org/apache/commons/commons-compress/1.8.1/commons-compress-1.8.1.jar
7f462916c000-7f4629171000 r--s 0002a000 08:06 5246099                    /opt/android-studio/gradle/m2repository/com/google/code/gson/gson/2.2.4/gson-2.2.4.jar
7f4629171000-7f4629176000 r--s 0002d000 08:06 5246386                    /opt/android-studio/gradle/m2repository/com/android/tools/repository/25.2.0/repository-25.2.0.jar
7f4629176000-7f4629177000 r--s 00005000 08:06 5246349                    /opt/android-studio/gradle/m2repository/com/android/tools/dvlib/25.2.0/dvlib-25.2.0.jar
7f4629177000-7f462917a000 r--s 00014000 08:06 5246282                    /opt/android-studio/gradle/m2repository/com/android/tools/layoutlib/layoutlib-api/25.2.0/layoutlib-api-25.2.0.jar
7f462917a000-7f462917f000 r--s 00058000 08:06 4591770                    /opt/android-studio/gradle/m2repository/org/ow2/asm/asm-debug-all/5.0.1/asm-debug-all-5.0.1.jar
7f462917f000-7f462918f000 r--s 000d6000 08:06 4856283                    /opt/android-studio/gradle/m2repository/net/sf/proguard/proguard-base/5.2.1/proguard-base-5.2.1.jar
7f462918f000-7f4629192000 r--s 00033000 08:06 5246051                    /opt/android-studio/gradle/m2repository/com/googlecode/juniversalchardet/juniversalchardet/1.0.3/juniversalchardet-1.0.3.jar
7f4629192000-7f4629196000 r--s 0002a000 08:06 4591741                    /opt/android-studio/gradle/m2repository/commons-io/commons-io/2.4/commons-io-2.4.jar
7f4629196000-7f46291ad000 r--s 00154000 08:06 4726565                    /opt/android-studio/gradle/m2repository/org/antlr/antlr4/4.5.3/antlr4-4.5.3.jar
7f46291ad000-7f46291ae000 r--s 00002000 08:06 5246129                    /opt/android-studio/gradle/m2repository/com/android/databinding/baseLibrary/2.2.0/baseLibrary-2.2.0.jar
7f46291ae000-7f46291c1000 r--s 00236000 08:06 4726342                    /opt/android-studio/gradle/m2repository/org/eclipse/jdt/core/compiler/ecj/4.5.1/ecj-4.5.1.jar
7f46291c1000-7f46291c8000 r--s 000c3000 08:06 5246415                    /opt/android-studio/gradle/m2repository/com/android/tools/lint/lint-checks/25.2.0/lint-checks-25.2.0.jar
7f46291c8000-7f46291ca000 r--s 00006000 08:06 4591809                    /opt/android-studio/gradle/m2repository/org/ow2/asm/asm-tree/5.0.4/asm-tree-5.0.4.jar
7f46291ca000-7f46291fd000 r--s 00203000 08:06 4726583                    /opt/android-studio/gradle/m2repository/org/bouncycastle/bcprov-jdk15on/1.48/bcprov-jdk15on-1.48.jar
7f46291fd000-7f462920b000 r--s 00081000 08:06 4726588                    /opt/android-studio/gradle/m2repository/org/bouncycastle/bcpkix-jdk15on/1.48/bcpkix-jdk15on-1.48.jar
7f462920b000-7f462920d000 r--s 00002000 08:06 5246059                    /opt/android-studio/gradle/m2repository/com/squareup/javawriter/2.5.0/javawriter-2.5.0.jar
7f462920d000-7f462920e000 r--s 00002000 08:06 5246393                    /opt/android-studio/gradle/m2repository/com/android/tools/analytics-library/tracker/25.2.0/tracker-25.2.0.jar
7f462920e000-7f4629210000 r--s 00003000 08:06 5246401                    /opt/android-studio/gradle/m2repository/com/android/tools/analytics-library/shared/25.2.0/shared-25.2.0.jar
7f4629210000-7f462921d000 r--s 000ed000 08:06 5246397                    /opt/android-studio/gradle/m2repository/com/android/tools/analytics-library/protos/25.2.0/protos-25.2.0.jar
7f462921d000-7f462921e000 r--s 00001000 08:06 5246289                    /opt/android-studio/gradle/m2repository/com/android/tools/jill/jill-api/0.10.0/jill-api-0.10.0.jar
7f462921e000-7f4629220000 r--s 00003000 08:06 5246471                    /opt/android-studio/gradle/m2repository/com/android/tools/jack/jack-api/0.11.0/jack-api-0.11.0.jar
7f4629220000-7f4629225000 r--s 0004a000 08:06 5246323                    /opt/android-studio/gradle/m2repository/com/android/tools/ddms/ddmlib/25.2.0/ddmlib-25.2.0.jar
7f4629225000-7f4629228000 r--s 00021000 08:06 5246225                    /opt/android-studio/gradle/m2repository/com/android/tools/build/manifest-merger/25.2.0/manifest-merger-25.2.0.jar
7f4629228000-7f462922a000 r--s 0001c000 08:06 5246488                    /opt/android-studio/gradle/m2repository/com/android/tools/common/25.2.0/common-25.2.0.jar
7f462922a000-7f4629233000 r--s 00083000 08:06 5246306                    /opt/android-studio/gradle/m2repository/com/android/tools/sdk-common/25.2.0/sdk-common-25.2.0.jar
7f4629233000-7f462923e000 r--s 0008e000 08:06 5246459                    /opt/android-studio/gradle/m2repository/com/android/tools/sdklib/25.2.0/sdklib-25.2.0.jar
7f462923e000-7f462923f000 r--s 00002000 08:06 5246198                    /opt/android-studio/gradle/m2repository/com/android/tools/build/builder-test-api/2.2.0/builder-test-api-2.2.0.jar
7f462923f000-7f4629242000 r--s 00005000 08:06 5246254                    /opt/android-studio/gradle/m2repository/com/android/tools/build/builder-model/2.2.0/builder-model-2.2.0.jar
7f4629242000-7f462924a000 r--s 0007b000 08:06 5246091                    /opt/android-studio/gradle/m2repository/com/google/protobuf/protobuf-java/2.5.0/protobuf-java-2.5.0.jar
7f462924a000-7f462924c000 r--s 0000f000 08:06 4726592                    /opt/android-studio/gradle/m2repository/net/sf/jopt-simple/jopt-simple/4.9/jopt-simple-4.9.jar
7f462924c000-7f4629250000 r--s 0001f000 08:06 5245948                    /opt/android-studio/gradle/m2repository/org/jacoco/org.jacoco.report/0.7.5.201505241946/org.jacoco.report-0.7.5.201505241946.jar
7f4629250000-7f4629254000 r--s 0001d000 08:06 5115585                    /opt/android-studio/gradle/m2repository/org/jacoco/org.jacoco.core/0.7.5.201505241946/org.jacoco.core-0.7.5.201505241946.jar
7f4629254000-7f4629255000 r--s 00002000 08:06 5115594                    /opt/android-studio/gradle/m2repository/net/sf/proguard/proguard-gradle/5.2.1/proguard-gradle-5.2.1.jar
7f4629255000-7f4629257000 r--s 00009000 08:06 4726289                    /opt/android-studio/gradle/m2repository/org/ow2/asm/asm-commons/5.0.4/asm-commons-5.0.4.jar
7f4629257000-7f4629259000 r--s 0000c000 08:06 4726329                    /opt/android-studio/gradle/m2repository/org/ow2/asm/asm/5.0.4/asm-5.0.4.jar
7f4629259000-7f462925d000 r--s 0002b000 08:06 5246151                    /opt/android-studio/gradle/m2repository/com/android/databinding/compilerCommon/2.2.0/compilerCommon-2.2.0.jar
7f462925d000-7f462925e000 r--s 00002000 08:06 5246212                    /opt/android-studio/gradle/m2repository/com/android/tools/build/gradle-api/2.2.0/gradle-api-2.2.0.jar
7f462925e000-7f462925f000 r--s 00000000 08:06 5246242                    /opt/android-studio/gradle/m2repository/com/android/tools/build/transform-api/2.0.0-deprecated-use-gradle-api/transform-api-2.0.0-deprecated-use-gradle-api.jar
7f462925f000-7f4629264000 r--s 00053000 08:06 5246430                    /opt/android-studio/gradle/m2repository/com/android/tools/lint/lint/25.2.0/lint-25.2.0.jar
7f4629264000-7f462927b000 r--s 0015d000 08:06 5246186                    /opt/android-studio/gradle/m2repository/com/android/tools/build/builder/2.2.0/builder-2.2.0.jar
7f462927b000-7f4629298000 r--s 0019c000 08:06 5246235                    /opt/android-studio/gradle/m2repository/com/android/tools/build/gradle-core/2.2.0/gradle-core-2.2.0.jar
7f4629298000-7f462929a000 r--s 0000d000 08:06 5246265                    /opt/android-studio/gradle/m2repository/com/android/tools/build/gradle/2.2.0/gradle-2.2.0.jar
7f462929a000-7f462949a000 rw-p 00000000 00:00 0 
7f462949a000-7f462949d000 ---p 00000000 00:00 0 
7f462949d000-7f462979b000 rw-p 00000000 00:00 0 
7f462979b000-7f462979e000 ---p 00000000 00:00 0 
7f462979e000-7f46297d4000 rw-p 00000000 00:00 0 
7f46297d4000-7f46297d5000 r--p 00000000 00:00 0 
7f46297d5000-7f46299d5000 rw-p 00000000 00:00 0 
7f46299d5000-7f4629bd5000 rw-p 00000000 00:00 0 
7f4629bd5000-7f4629dd5000 rw-p 00000000 00:00 0 
7f4629dd5000-7f4629fd5000 rw-p 00000000 00:00 0 
7f4629fd5000-7f462a1d5000 rw-p 00000000 00:00 0 
7f462a1d5000-7f462a24d000 r--s 010eb000 08:06 4588654                    /opt/android-studio/jre/lib/tools.jar
7f462a24d000-7f462a250000 ---p 00000000 00:00 0 
7f462a250000-7f462a34e000 rw-p 00000000 00:00 0 
7f462a34e000-7f462a351000 ---p 00000000 00:00 0 
7f462a351000-7f462a44f000 rw-p 00000000 00:00 0 
7f462a44f000-7f462a452000 ---p 00000000 00:00 0 
7f462a452000-7f462a550000 rw-p 00000000 00:00 0 
7f462a550000-7f462a553000 ---p 00000000 00:00 0 
7f462a553000-7f462a651000 rw-p 00000000 00:00 0 
7f462a651000-7f462a654000 ---p 00000000 00:00 0 
7f462a654000-7f462a752000 rw-p 00000000 00:00 0 
7f462a752000-7f462a755000 ---p 00000000 00:00 0 
7f462a755000-7f462a853000 rw-p 00000000 00:00 0 
7f462a853000-7f462a856000 ---p 00000000 00:00 0 
7f462a856000-7f462ab54000 rw-p 00000000 00:00 0 
7f462ab54000-7f462ab57000 ---p 00000000 00:00 0 
7f462ab57000-7f462ac55000 rw-p 00000000 00:00 0 
7f462ac55000-7f462ac5e000 r-xp 00000000 08:06 4588790                    /opt/android-studio/jre/jre/lib/amd64/libmanagement.so
7f462ac5e000-7f462ae5d000 ---p 00009000 08:06 4588790                    /opt/android-studio/jre/jre/lib/amd64/libmanagement.so
7f462ae5d000-7f462ae5e000 r--p 00008000 08:06 4588790                    /opt/android-studio/jre/jre/lib/amd64/libmanagement.so
7f462ae5e000-7f462ae5f000 rw-p 00009000 08:06 4588790                    /opt/android-studio/jre/jre/lib/amd64/libmanagement.so
7f462ae5f000-7f462ae63000 r--s 00097000 08:06 4588764                    /opt/android-studio/jre/jre/lib/jsse.jar
7f462ae63000-7f462ae65000 r--s 00007000 08:06 4591604                    /opt/android-studio/gradle/gradle-2.14.1/lib/plugins/gradle-tooling-api-builders-2.14.1.jar
7f462ae65000-7f462ae68000 r--s 00008000 08:06 4591598                    /opt/android-studio/gradle/gradle-2.14.1/lib/plugins/gradle-testing-native-2.14.1.jar
7f462ae68000-7f462ae6a000 r--s 00009000 08:06 4591679                    /opt/android-studio/gradle/gradle-2.14.1/lib/plugins/hamcrest-core-1.3.jar
7f462ae6a000-7f462ae70000 r--s 00033000 08:06 4591609                    /opt/android-studio/gradle/gradle-2.14.1/lib/plugins/snakeyaml-1.6.jar
7f462ae70000-7f462ae72000 r--s 00006000 08:06 4591630                    /opt/android-studio/gradle/gradle-2.14.1/lib/plugins/jcommander-1.12.jar
7f462ae72000-7f462ae77000 r--s 00040000 08:06 4591607                    /opt/android-studio/gradle/gradle-2.14.1/lib/plugins/bsh-2.0b4.jar
7f462ae77000-7f462ae80000 r--s 00089000 08:06 4591633                    /opt/android-studio/gradle/gradle-2.14.1/lib/plugins/testng-6.3.1.jar
7f462ae80000-7f462ae88000 r--s 00045000 08:06 4591638                    /opt/android-studio/gradle/gradle-2.14.1/lib/plugins/junit-4.12.jar
7f462ae88000-7f462ae8e000 r--s 0002e000 08:06 4591614                    /opt/android-studio/gradle/gradle-2.14.1/lib/plugins/gradle-testing-jvm-2.14.1.jar
7f462ae8e000-7f462ae93000 r--s 00015000 08:06 4591623                    /opt/android-studio/gradle/gradle-2.14.1/lib/plugins/gradle-testing-base-2.14.1.jar
7f462ae93000-7f462ae94000 r--s 00002000 08:06 4591636                    /opt/android-studio/gradle/gradle-2.14.1/lib/plugins/sonar-batch-bootstrapper-2.9.jar
7f462ae94000-7f462ae97000 r--s 00015000 08:06 4591613                    /opt/android-studio/gradle/gradle-2.14.1/lib/plugins/gradle-sonar-2.14.1.jar
7f462ae97000-7f462ae9e000 r--s 00038000 08:06 4591654                    /opt/android-studio/gradle/gradle-2.14.1/lib/plugins/bcpg-jdk15on-1.51.jar
7f462ae9e000-7f462aea0000 r--s 0000d000 08:06 4591660                    /opt/android-studio/gradle/gradle-2.14.1/lib/plugins/gradle-signing-2.14.1.jar
7f462aea0000-7f462aea3000 r--s 00009000 08:06 4591643                    /opt/android-studio/gradle/gradle-2.14.1/lib/plugins/gradle-scala-2.14.1.jar
7f462aea3000-7f462aea4000 r--s 00004000 08:06 4591667                    /opt/android-studio/gradle/gradle-2.14.1/lib/plugins/gradle-resources-sftp-2.14.1.jar
7f462aea4000-7f462aeb4000 r--s 00088000 08:06 4591620                    /opt/android-studio/gradle/gradle-2.14.1/lib/plugins/joda-time-2.8.2.jar
7f462aeb4000-7f462aec5000 r--s 000cf000 08:06 4591686                    /opt/android-studio/gradle/gradle-2.14.1/lib/plugins/jackson-databind-2.3.2.jar
7f462aec5000-7f462aec7000 r--s 00007000 08:06 4591649                    /opt/android-studio/gradle/gradle-2.14.1/lib/plugins/jackson-annotations-2.3.2.jar
7f462aec7000-7f462aeca000 r--s 0002e000 08:06 4591656                    /opt/android-studio/gradle/gradle-2.14.1/lib/plugins/jackson-core-2.3.2.jar
7f462aeca000-7f462aed5000 r--s 0006b000 08:06 4591703                    /opt/android-studio/gradle/gradle-2.14.1/lib/plugins/aws-java-sdk-core-1.9.19.jar
7f462aed5000-7f462aedb000 r--s 00036000 08:06 4591648                    /opt/android-studio/gradle/gradle-2.14.1/lib/plugins/aws-java-sdk-kms-1.9.19.jar
7f462aedb000-7f462aee6000 r--s 00079000 08:06 4591635                    /opt/android-studio/gradle/gradle-2.14.1/lib/plugins/aws-java-sdk-s3-1.9.19.jar
7f462aee6000-7f462aee7000 r--s 00003000 08:06 4591682                    /opt/android-studio/gradle/gradle-2.14.1/lib/plugins/gradle-resources-s3-2.14.1.jar
7f462aee7000-7f462aee9000 r--s 00005000 08:06 4591677                    /opt/android-studio/gradle/gradle-2.14.1/lib/plugins/jatl-0.2.2.jar
7f462aee9000-7f462aeeb000 r--s 0000f000 08:06 4591694                    /opt/android-studio/gradle/gradle-2.14.1/lib/plugins/gradle-reporting-2.14.1.jar
7f462aeeb000-7f462aeed000 r--s 00002000 08:06 4591653                    /opt/android-studio/gradle/gradle-2.14.1/lib/plugins/gradle-publish-2.14.1.jar
7f462aeed000-7f462aeef000 r--s 00009000 08:06 4591626                    /opt/android-studio/gradle/gradle-2.14.1/lib/plugins/commons-cli-1.2.jar
7f462aeef000-7f462aef5000 r--s 00033000 08:06 4591637                    /opt/android-studio/gradle/gradle-2.14.1/lib/plugins/gradle-plugins-2.14.1.jar
7f462aef5000-7f462aef7000 r--s 00007000 08:06 4591601                    /opt/android-studio/gradle/gradle-2.14.1/lib/plugins/gradle-plugin-development-2.14.1.jar
7f462aef7000-7f462aefd000 r--s 0002a000 08:06 4591659                    /opt/android-studio/gradle/gradle-2.14.1/lib/plugins/gradle-platform-play-2.14.1.jar
7f462aefd000-7f462af0a000 r--s 0004d000 08:06 4591658                    /opt/android-studio/gradle/gradle-2.14.1/lib/plugins/gradle-platform-native-2.14.1.jar
7f462af0a000-7f462af0e000 r--s 0001a000 08:06 4591680                    /opt/android-studio/gradle/gradle-2.14.1/lib/plugins/gradle-platform-jvm-2.14.1.jar
7f462af0e000-7f462af15000 r--s 00029000 08:06 4591629                    /opt/android-studio/gradle/gradle-2.14.1/lib/plugins/gradle-platform-base-2.14.1.jar
7f462af15000-7f462af36000 r--s 001c3000 08:06 4591605                    /opt/android-studio/gradle/gradle-2.14.1/lib/plugins/bndlib-2.4.0.jar
7f462af36000-7f462af38000 r--s 00003000 08:06 4591685                    /opt/android-studio/gradle/gradle-2.14.1/lib/plugins/gradle-osgi-2.14.1.jar
7f462af38000-7f462af3b000 r--s 0000c000 08:06 4591689                    /opt/android-studio/gradle/gradle-2.14.1/lib/plugins/pmaven-groovy-0.8-20100325.jar
7f462af3b000-7f462af3c000 r--s 00004000 08:06 4591675                    /opt/android-studio/gradle/gradle-2.14.1/lib/plugins/pmaven-common-0.8-20100325.jar
7f462af3c000-7f462af42000 r--s 00022000 08:06 4591628                    /opt/android-studio/gradle/gradle-2.14.1/lib/plugins/gradle-maven-2.14.1.jar
7f462af42000-7f462af44000 r--s 0000a000 08:06 4591610                    /opt/android-studio/gradle/gradle-2.14.1/lib/plugins/gradle-language-scala-2.14.1.jar
7f462af44000-7f462af4a000 r--s 0001a000 08:06 4591615                    /opt/android-studio/gradle/gradle-2.14.1/lib/plugins/gradle-language-native-2.14.1.jar
7f462af4a000-7f462af4c000 r--s 00008000 08:06 4591603                    /opt/android-studio/gradle/gradle-2.14.1/lib/plugins/gradle-language-jvm-2.14.1.jar
7f462af4c000-7f462af52000 r--s 00024000 08:06 4591676                    /opt/android-studio/gradle/gradle-2.14.1/lib/plugins/gradle-language-java-2.14.1.jar
7f462af52000-7f462af54000 r--s 0000a000 08:06 4591657                    /opt/android-studio/gradle/gradle-2.14.1/lib/plugins/gradle-language-groovy-2.14.1.jar
7f462af54000-7f462af57000 r--s 0001e000 08:06 4591597                    /opt/android-studio/gradle/gradle-2.14.1/lib/plugins/jsp-api-2.1-6.1.14.jar
7f462af57000-7f462af7a000 r--s 00344000 08:06 4591650                    /opt/android-studio/gradle/gradle-2.14.1/lib/plugins/core-3.1.1.jar
7f462af7a000-7f462af7b000 r--s 00006000 08:06 4591687                    /opt/android-studio/gradle/gradle-2.14.1/lib/plugins/jetty-naming-6.1.25.jar
7f462af7b000-7f462af7c000 r--s 00002000 08:06 4591645                    /opt/android-studio/gradle/gradle-2.14.1/lib/plugins/geronimo-annotation_1.0_spec-1.0.jar
7f462af7c000-7f462af7e000 r--s 00002000 08:06 4591683                    /opt/android-studio/gradle/gradle-2.14.1/lib/plugins/jetty-annotations-6.1.25.jar
7f462af7e000-7f462af8f000 r--s 000ea000 08:06 4591696                    /opt/android-studio/gradle/gradle-2.14.1/lib/plugins/jsp-2.1-6.1.14.jar
7f462af8f000-7f462af91000 r--s 0000d000 08:06 4591651                    /opt/android-studio/gradle/gradle-2.14.1/lib/plugins/jetty-plus-6.1.25.jar
7f462af91000-7f462af93000 r--s 0001f000 08:06 4591710                    /opt/android-studio/gradle/gradle-2.14.1/lib/plugins/servlet-api-2.5-20081211.jar
7f462af93000-7f462af97000 r--s 00028000 08:06 4591631                    /opt/android-studio/gradle/gradle-2.14.1/lib/plugins/jetty-util-6.1.25.jar
7f462af97000-7f462af9e000 r--s 0007d000 08:06 4591639                    /opt/android-studio/gradle/gradle-2.14.1/lib/plugins/jetty-6.1.25.jar
7f462af9e000-7f462afa0000 r--s 00009000 08:06 4591692                    /opt/android-studio/gradle/gradle-2.14.1/lib/plugins/gradle-jetty-2.14.1.jar
7f462afa0000-7f462afa7000 r--s 00035000 08:06 4591706                    /opt/android-studio/gradle/gradle-2.14.1/lib/plugins/simple-4.1.21.jar
7f462afa7000-7f462afb3000 r--s 00100000 08:06 4591621                    /opt/android-studio/gradle/gradle-2.14.1/lib/plugins/rhino-1.7R3.jar
7f462afb3000-7f462afb7000 r--s 00011000 08:06 4591674                    /opt/android-studio/gradle/gradle-2.14.1/lib/plugins/gradle-javascript-2.14.1.jar
7f462afb7000-7f462afb9000 r--s 0000c000 08:06 4591708                    /opt/android-studio/gradle/gradle-2.14.1/lib/plugins/gradle-jacoco-2.14.1.jar
7f462afb9000-7f462afbc000 r--s 0000e000 08:06 4591705                    /opt/android-studio/gradle/gradle-2.14.1/lib/plugins/gradle-ivy-2.14.1.jar
7f462afbc000-7f462afbd000 r--s 00002000 08:06 4591697                    /opt/android-studio/gradle/gradle-2.14.1/lib/plugins/gradle-ide-play-2.14.1.jar
7f462afbd000-7f462afc2000 r--s 0002b000 08:06 4591693                    /opt/android-studio/gradle/gradle-2.14.1/lib/plugins/gradle-ide-native-2.14.1.jar
7f462afc2000-7f462afcd000 r--s 00066000 08:06 4591611                    /opt/android-studio/gradle/gradle-2.14.1/lib/plugins/gradle-ide-2.14.1.jar
7f462afcd000-7f462afce000 r--s 00008000 08:06 4591608                    /opt/android-studio/gradle/gradle-2.14.1/lib/plugins/gradle-ear-2.14.1.jar
7f462afce000-7f462afd4000 r--s 00032000 08:06 4591619                    /opt/android-studio/gradle/gradle-2.14.1/lib/plugins/gradle-diagnostics-2.14.1.jar
7f462afd4000-7f462afd8000 r--s 00021000 08:06 4591695                    /opt/android-studio/gradle/gradle-2.14.1/lib/plugins/gradle-code-quality-2.14.1.jar
7f462afd8000-7f462afdc000 r--s 0001f000 08:06 4591618                    /opt/android-studio/gradle/gradle-2.14.1/lib/plugins/gradle-build-init-2.14.1.jar
7f462afdc000-7f462afe3000 r--s 0008e000 08:06 4591702                    /opt/android-studio/gradle/gradle-2.14.1/lib/plugins/gradle-build-comparison-2.14.1.jar
7f462afe3000-7f462afe5000 r--s 00008000 08:06 4591678                    /opt/android-studio/gradle/gradle-2.14.1/lib/plugins/gradle-antlr-2.14.1.jar
7f462afe5000-7f462afe7000 r--s 00004000 08:06 4591704                    /opt/android-studio/gradle/gradle-2.14.1/lib/plugins/gradle-announce-2.14.1.jar
7f462afe7000-7f462afff000 r--s 00115000 08:06 4591642                    /opt/android-studio/gradle/gradle-2.14.1/lib/plugins/xercesImpl-2.9.1.jar
7f462afff000-7f462b007000 r--s 00028000 08:06 4591670                    /opt/android-studio/gradle/gradle-2.14.1/lib/plugins/xml-apis-1.3.04.jar
7f462b007000-7f462b00d000 r--s 0005b000 08:06 4591661                    /opt/android-studio/gradle/gradle-2.14.1/lib/plugins/jcifs-1.3.17.jar
7f462b00d000-7f462b014000 r--s 00049000 08:06 4591672                    /opt/android-studio/gradle/gradle-2.14.1/lib/plugins/httpcore-4.4.4.jar
7f462b014000-7f462b01a000 r--s 00033000 08:06 4591617                    /opt/android-studio/gradle/gradle-2.14.1/lib/plugins/commons-codec-1.6.jar
7f462b01a000-7f462b01d000 r--s 0001c000 08:06 4591612                    /opt/android-studio/gradle/gradle-2.14.1/lib/plugins/nekohtml-1.9.14.jar
7f462b01d000-7f462b02a000 r--s 000a4000 08:06 4591690                    /opt/android-studio/gradle/gradle-2.14.1/lib/plugins/httpclient-4.4.1.jar
7f462b02a000-7f462b02c000 r--s 0000a000 08:06 4591599                    /opt/android-studio/gradle/gradle-2.14.1/lib/plugins/gradle-resources-http-2.14.1.jar
7f462b02c000-7f462b030000 r--s 00014000 08:06 4591664                    /opt/android-studio/gradle/gradle-2.14.1/lib/plugins/gradle-plugin-use-2.14.1.jar
7f462b030000-7f462b031000 r--s 00000000 08:06 4591555                    /opt/android-studio/gradle/gradle-2.14.1/lib/gradle-installation-beacon-2.14.1.jar
7f462b031000-7f462b032000 r--s 00007000 08:06 4591627                    /opt/android-studio/gradle/gradle-2.14.1/lib/plugins/wagon-http-shared4-2.4.jar
7f462b032000-7f462b036000 r--s 00033000 08:06 4591681                    /opt/android-studio/gradle/gradle-2.14.1/lib/plugins/plexus-utils-2.0.6.jar
7f462b036000-7f462b03a000 r--s 00021000 08:06 4591663                    /opt/android-studio/gradle/gradle-2.14.1/lib/plugins/maven-model-builder-3.0.4.jar
7f462b03a000-7f462b03b000 r--s 00002000 08:06 4591616                    /opt/android-studio/gradle/gradle-2.14.1/lib/plugins/wagon-file-2.4.jar
7f462b03b000-7f462b03d000 r--s 00002000 08:06 4591673                    /opt/android-studio/gradle/gradle-2.14.1/lib/plugins/plexus-cipher-1.7.jar
7f462b03d000-7f462b040000 r--s 00013000 08:06 4591709                    /opt/android-studio/gradle/gradle-2.14.1/lib/plugins/aether-api-1.13.1.jar
7f462b040000-7f462b042000 r--s 0000a000 08:06 4591632                    /opt/android-studio/gradle/gradle-2.14.1/lib/plugins/maven-settings-3.0.4.jar
7f462b042000-7f462b044000 r--s 0000d000 08:06 4591665                    /opt/android-studio/gradle/gradle-2.14.1/lib/plugins/plexus-interpolation-1.14.jar
7f462b044000-7f462b046000 r--s 0000b000 08:06 4591688                    /opt/android-studio/gradle/gradle-2.14.1/lib/plugins/maven-artifact-3.0.4.jar
7f462b046000-7f462b04d000 r--s 0002e000 08:06 4591624                    /opt/android-studio/gradle/gradle-2.14.1/lib/plugins/plexus-container-default-1.5.5.jar
7f462b04d000-7f462b04f000 r--s 0000b000 08:06 4591652                    /opt/android-studio/gradle/gradle-2.14.1/lib/plugins/maven-plugin-api-3.0.4.jar
7f462b04f000-7f462b051000 r--s 00000000 08:06 4591655                    /opt/android-studio/gradle/gradle-2.14.1/lib/plugins/plexus-component-annotations-1.5.5.jar
7f462b051000-7f462b057000 r--s 0003f000 08:06 4591666                    /opt/android-studio/gradle/gradle-2.14.1/lib/plugins/maven-compat-3.0.4.jar
7f462b057000-7f462b05a000 r--s 00008000 08:06 4591640                    /opt/android-studio/gradle/gradle-2.14.1/lib/plugins/maven-settings-builder-3.0.4.jar
7f462b05a000-7f462b05c000 r--s 00026000 08:06 4591707                    /opt/android-studio/gradle/gradle-2.14.1/lib/plugins/maven-model-3.0.4.jar
7f462b05c000-7f462b05e000 r--s 00006000 08:06 4591684                    /opt/android-studio/gradle/gradle-2.14.1/lib/plugins/aether-connector-wagon-1.13.1.jar
7f462b05e000-7f462b060000 r--s 0000a000 08:06 4591625                    /opt/android-studio/gradle/gradle-2.14.1/lib/plugins/plexus-classworlds-2.4.jar
7f462b060000-7f462b062000 r--s 00006000 08:06 4591668                    /opt/android-studio/gradle/gradle-2.14.1/lib/plugins/maven-repository-metadata-3.0.4.jar
7f462b062000-7f462b064000 r--s 0000c000 08:06 4591644                    /opt/android-studio/gradle/gradle-2.14.1/lib/plugins/maven-aether-provider-3.0.4.jar
7f462b064000-7f462b066000 r--s 0000b000 08:06 4591634                    /opt/android-studio/gradle/gradle-2.14.1/lib/plugins/wagon-provider-api-2.4.jar
7f462b066000-7f462b06a000 r--s 0001c000 08:06 4591698                    /opt/android-studio/gradle/gradle-2.14.1/lib/plugins/aether-util-1.13.1.jar
7f462b06a000-7f462b06d000 r--s 0001d000 08:06 4591662                    /opt/android-studio/gradle/gradle-2.14.1/lib/plugins/aether-impl-1.13.1.jar
7f462b06d000-7f462b072000 r--s 00040000 08:06 4591602                    /opt/android-studio/gradle/gradle-2.14.1/lib/plugins/jsch-0.1.53.jar
7f462b072000-7f462b0b2000 r--s 00277000 08:06 4591606                    /opt/android-studio/gradle/gradle-2.14.1/lib/plugins/bcprov-jdk15on-1.51.jar
7f462b0b2000-7f462b0be000 r--s 0007d000 08:06 4591671                    /opt/android-studio/gradle/gradle-2.14.1/lib/plugins/maven-core-3.0.4.jar
7f462b0be000-7f462b0d4000 r-xp 00000000 08:06 1314289                    /usr/lib/libgcc_s.so.1
7f462b0d4000-7f462b2d3000 ---p 00016000 08:06 1314289                    /usr/lib/libgcc_s.so.1
7f462b2d3000-7f462b2d4000 r--p 00015000 08:06 1314289                    /usr/lib/libgcc_s.so.1
7f462b2d4000-7f462b2d5000 rw-p 00016000 08:06 1314289                    /usr/lib/libgcc_s.so.1
7f462b2d5000-7f462b44d000 r-xp 00000000 08:06 1314321                    /usr/lib/libstdc++.so.6.0.22
7f462b44d000-7f462b64d000 ---p 00178000 08:06 1314321                    /usr/lib/libstdc++.so.6.0.22
7f462b64d000-7f462b657000 r--p 00178000 08:06 1314321                    /usr/lib/libstdc++.so.6.0.22
7f462b657000-7f462b659000 rw-p 00182000 08:06 1314321                    /usr/lib/libstdc++.so.6.0.22
7f462b659000-7f462b65d000 rw-p 00000000 00:00 0 
7f462b65d000-7f462b65e000 r--s 00002000 08:06 4591596                    /opt/android-studio/gradle/gradle-2.14.1/lib/plugins/wagon-http-2.4.jar
7f462b65e000-7f462b65f000 r--s 00003000 08:06 4591600                    /opt/android-studio/gradle/gradle-2.14.1/lib/plugins/aether-spi-1.13.1.jar
7f462b65f000-7f462b660000 r--s 00006000 08:06 4591669                    /opt/android-studio/gradle/gradle-2.14.1/lib/plugins/plexus-sec-dispatcher-1.3.jar
7f462b660000-7f462b664000 r--s 0001d000 08:06 4591647                    /opt/android-studio/gradle/gradle-2.14.1/lib/plugins/xbean-reflect-3.4.jar
7f462b664000-7f462b669000 r--s 0002a000 08:06 4591641                    /opt/android-studio/gradle/gradle-2.14.1/lib/plugins/gson-2.2.4.jar
7f462b669000-7f462b678000 r--s 000d9000 08:06 4591622                    /opt/android-studio/gradle/gradle-2.14.1/lib/plugins/ivy-2.2.0.jar
7f462b678000-7f462b694000 r--s 000d3000 08:06 4591646                    /opt/android-studio/gradle/gradle-2.14.1/lib/plugins/gradle-dependency-management-2.14.1.jar
7f462b694000-7f462b698000 r-xp 00000000 08:06 4463579                    /home/gabriel/.gradle/native/19/linux-amd64/libnative-platform.so
7f462b698000-7f462b897000 ---p 00004000 08:06 4463579                    /home/gabriel/.gradle/native/19/linux-amd64/libnative-platform.so
7f462b897000-7f462b898000 rw-p 00003000 08:06 4463579                    /home/gabriel/.gradle/native/19/linux-amd64/libnative-platform.so
7f462b898000-7f462b8a9000 r-xp 00000000 08:06 4588778                    /opt/android-studio/jre/jre/lib/amd64/libnio.so
7f462b8a9000-7f462baa8000 ---p 00011000 08:06 4588778                    /opt/android-studio/jre/jre/lib/amd64/libnio.so
7f462baa8000-7f462baa9000 r--p 00010000 08:06 4588778                    /opt/android-studio/jre/jre/lib/amd64/libnio.so
7f462baa9000-7f462baaa000 rw-p 00011000 08:06 4588778                    /opt/android-studio/jre/jre/lib/amd64/libnio.so
7f462baaa000-7f462bac1000 r-xp 00000000 08:06 4588776                    /opt/android-studio/jre/jre/lib/amd64/libnet.so
7f462bac1000-7f462bcc0000 ---p 00017000 08:06 4588776                    /opt/android-studio/jre/jre/lib/amd64/libnet.so
7f462bcc0000-7f462bcc1000 r--p 00016000 08:06 4588776                    /opt/android-studio/jre/jre/lib/amd64/libnet.so
7f462bcc1000-7f462bcc2000 rw-p 00017000 08:06 4588776                    /opt/android-studio/jre/jre/lib/amd64/libnet.so
7f462bcc2000-7f462bccc000 r--s 00116000 08:06 4588734                    /opt/android-studio/jre/jre/lib/ext/localedata.jar
7f462bccc000-7f462bce8000 r--s 00393000 08:06 4588742                    /opt/android-studio/jre/jre/lib/ext/cldrdata.jar
7f462bce8000-7f462bcea000 r--s 00005000 08:06 4591565                    /opt/android-studio/gradle/gradle-2.14.1/lib/gradle-wrapper-2.14.1.jar
7f462bcea000-7f462bcf8000 r--s 0004f000 08:06 4591541                    /opt/android-studio/gradle/gradle-2.14.1/lib/gradle-tooling-api-2.14.1.jar
7f462bcf8000-7f462bcfa000 r--s 00002000 08:06 4591554                    /opt/android-studio/gradle/gradle-2.14.1/lib/gradle-open-api-2.14.1.jar
7f462bcfa000-7f462bd00000 r--s 00032000 08:06 4591588                    /opt/android-studio/gradle/gradle-2.14.1/lib/jaxen-1.1.jar
7f462bd00000-7f462bd05000 r--s 00048000 08:06 4591553                    /opt/android-studio/gradle/gradle-2.14.1/lib/dom4j-1.6.1.jar
7f462bd05000-7f462bd10000 r--s 00059000 08:06 4591582                    /opt/android-studio/gradle/gradle-2.14.1/lib/gradle-ui-2.14.1.jar
7f462bd10000-7f462bd13000 r--s 0000b000 08:06 4591711                    /opt/android-studio/gradle/gradle-2.14.1/lib/gradle-resources-2.14.1.jar
7f462bd13000-7f462bd15000 r--s 00003000 08:06 4591591                    /opt/android-studio/gradle/gradle-2.14.1/lib/jcl-over-slf4j-1.7.10.jar
7f462bd15000-7f462bd16000 r--s 00005000 08:06 4591585                    /opt/android-studio/gradle/gradle-2.14.1/lib/log4j-over-slf4j-1.7.10.jar
7f462bd16000-7f462bd18000 r--s 00000000 08:06 4591712                    /opt/android-studio/gradle/gradle-2.14.1/lib/jul-to-slf4j-1.7.10.jar
7f462bd18000-7f462bd1d000 r--s 0001c000 08:06 4591563                    /opt/android-studio/gradle/gradle-2.14.1/lib/gradle-logging-2.14.1.jar
7f462bd1d000-7f462bd1f000 r--s 00007000 08:06 4591594                    /opt/android-studio/gradle/gradle-2.14.1/lib/objenesis-1.2.jar
7f462bd1f000-7f462bd21000 r--s 00000000 08:06 4591558                    /opt/android-studio/gradle/gradle-2.14.1/lib/minlog-1.2.jar
7f462bd21000-7f462bd23000 r--s 0000f000 08:06 4591569                    /opt/android-studio/gradle/gradle-2.14.1/lib/reflectasm-1.07-shaded.jar
7f462bd23000-7f462bd27000 r--s 00026000 08:06 4591583                    /opt/android-studio/gradle/gradle-2.14.1/lib/kryo-2.20.jar
7f462bd27000-7f462bd2d000 r--s 00025000 08:06 4591552                    /opt/android-studio/gradle/gradle-2.14.1/lib/gradle-messaging-2.14.1.jar
7f462bd2d000-7f462bd2e000 r--s 00003000 08:06 4591590                    /opt/android-studio/gradle/gradle-2.14.1/lib/native-platform-freebsd-amd64-0.10.jar
7f462bd2e000-7f462bd2f000 r--s 00003000 08:06 4591572                    /opt/android-studio/gradle/gradle-2.14.1/lib/native-platform-freebsd-i386-0.10.jar
7f462bd2f000-7f462bd30000 r--s 00005000 08:06 4591560                    /opt/android-studio/gradle/gradle-2.14.1/lib/native-platform-windows-i386-0.10.jar
7f462bd30000-7f462bd9f000 r--s 0063e000 08:06 4591715                    /opt/android-studio/gradle/gradle-2.14.1/lib/groovy-all-2.4.4.jar
7f462bd9f000-7f462bdc7000 r--s 001cf000 08:06 4591566                    /opt/android-studio/gradle/gradle-2.14.1/lib/guava-jdk5-17.0.jar
7f462bdc7000-7f462bdfe000 r--s 001bd000 08:06 4591567                    /opt/android-studio/gradle/gradle-2.14.1/lib/gradle-core-2.14.1.jar
7f462bdfe000-7f462bdff000 ---p 00000000 00:00 0 
7f462bdff000-7f462beff000 rw-p 00000000 00:00 0 
7f462beff000-7f462bf02000 ---p 00000000 00:00 0 
7f462bf02000-7f462c000000 rw-p 00000000 00:00 0 
7f462c000000-7f462d6c9000 rw-p 00000000 00:00 0 
7f462d6c9000-7f4630000000 ---p 00000000 00:00 0 
7f4630000000-7f4630efe000 rw-p 00000000 00:00 0 
7f4630efe000-7f4634000000 ---p 00000000 00:00 0 
7f4634000000-7f4634021000 rw-p 00000000 00:00 0 
7f4634021000-7f4638000000 ---p 00000000 00:00 0 
7f4638000000-7f4638021000 rw-p 00000000 00:00 0 
7f4638021000-7f463c000000 ---p 00000000 00:00 0 
7f463c000000-7f463c2bf000 rw-p 00000000 00:00 0 
7f463c2bf000-7f4640000000 ---p 00000000 00:00 0 
7f4640000000-7f4640035000 rw-p 00000000 00:00 0 
7f4640035000-7f4644000000 ---p 00000000 00:00 0 
7f4644000000-7f464405d000 rw-p 00000000 00:00 0 
7f464405d000-7f4648000000 ---p 00000000 00:00 0 
7f4648000000-7f4648001000 r--s 00005000 08:06 4591559                    /opt/android-studio/gradle/gradle-2.14.1/lib/native-platform-windows-amd64-0.10.jar
7f4648001000-7f4648002000 r--s 00003000 08:06 4591573                    /opt/android-studio/gradle/gradle-2.14.1/lib/native-platform-linux-i386-0.10.jar
7f4648002000-7f4648003000 r--s 00003000 08:06 4591557                    /opt/android-studio/gradle/gradle-2.14.1/lib/native-platform-linux-amd64-0.10.jar
7f4648003000-7f4648004000 r--s 00002000 08:06 4591556                    /opt/android-studio/gradle/gradle-2.14.1/lib/native-platform-osx-amd64-0.10.jar
7f4648004000-7f4648005000 r--s 00002000 08:06 4591586                    /opt/android-studio/gradle/gradle-2.14.1/lib/native-platform-osx-i386-0.10.jar
7f4648005000-7f4648007000 r--s 00008000 08:06 4591587                    /opt/android-studio/gradle/gradle-2.14.1/lib/jansi-1.2.1.jar
7f4648007000-7f4648016000 r--s 00080000 08:06 4591578                    /opt/android-studio/gradle/gradle-2.14.1/lib/gradle-model-core-2.14.1.jar
7f4648016000-7f4648035000 r--s 001d1000 08:06 4591564                    /opt/android-studio/gradle/gradle-2.14.1/lib/ant-1.9.6.jar
7f4648035000-7f4648038000 ---p 00000000 00:00 0 
7f4648038000-7f4648136000 rw-p 00000000 00:00 0 
7f4648136000-7f4648139000 ---p 00000000 00:00 0 
7f4648139000-7f4648237000 rw-p 00000000 00:00 0 
7f4648237000-7f464823a000 ---p 00000000 00:00 0 
7f464823a000-7f4648338000 rw-p 00000000 00:00 0 
7f4648338000-7f46484d4000 r--p 00000000 08:06 1332451                    /usr/lib/locale/locale-archive
7f46484d4000-7f46484d7000 ---p 00000000 00:00 0 
7f46484d7000-7f46485d5000 rw-p 00000000 00:00 0 
7f46485d5000-7f46485d8000 ---p 00000000 00:00 0 
7f46485d8000-7f46486d6000 rw-p 00000000 00:00 0 
7f46486d6000-7f46486d7000 ---p 00000000 00:00 0 
7f46486d7000-7f464c000000 rw-p 00000000 00:00 0 
7f464c000000-7f464c0f7000 rw-p 00000000 00:00 0 
7f464c0f7000-7f4650000000 ---p 00000000 00:00 0 
7f4650000000-7f4650003000 r--s 0000d000 08:06 4591581                    /opt/android-studio/gradle/gradle-2.14.1/lib/native-platform-0.10.jar
7f4650003000-7f4650007000 r--s 000e4000 08:06 4591580                    /opt/android-studio/gradle/gradle-2.14.1/lib/jna-3.2.7.jar
7f4650007000-7f4650009000 r--s 00009000 08:06 4591592                    /opt/android-studio/gradle/gradle-2.14.1/lib/gradle-native-2.14.1.jar
7f4650009000-7f465000b000 r--s 00005000 08:06 4591593                    /opt/android-studio/gradle/gradle-2.14.1/lib/gradle-cli-2.14.1.jar
7f465000b000-7f465000d000 r--s 00007000 08:06 4591562                    /opt/android-studio/gradle/gradle-2.14.1/lib/gradle-model-groovy-2.14.1.jar
7f465000d000-7f465000e000 r--s 00006000 08:06 4591577                    /opt/android-studio/gradle/gradle-2.14.1/lib/gradle-base-services-groovy-2.14.1.jar
7f465000e000-7f465000f000 r--s 00002000 08:06 4591570                    /opt/android-studio/gradle/gradle-2.14.1/lib/gradle-docs-2.14.1.jar
7f465000f000-7f4650131000 rw-p 00000000 00:00 0 
7f4650131000-7f46502fe000 r--s 03bec000 08:06 4588746                    /opt/android-studio/jre/jre/lib/rt.jar
7f46502fe000-7f4650dfe000 rw-p 00000000 00:00 0 
7f4650dfe000-7f4650dff000 ---p 00000000 00:00 0 
7f4650dff000-7f4650eff000 rw-p 00000000 00:00 0 
7f4650eff000-7f4650f00000 ---p 00000000 00:00 0 
7f4650f00000-7f4651000000 rw-p 00000000 00:00 0 
7f4651000000-7f4653590000 rwxp 00000000 00:00 0 
7f4653590000-7f4660000000 ---p 00000000 00:00 0 
7f4660000000-7f4660df2000 rw-p 00000000 00:00 0 
7f4660df2000-7f4664000000 ---p 00000000 00:00 0 
7f4664000000-7f4664001000 r--s 00000000 08:06 4591714                    /opt/android-studio/gradle/gradle-2.14.1/lib/javax.inject-1.jar
7f4664001000-7f4664002000 r--s 00000000 08:06 4591568                    /opt/android-studio/gradle/gradle-2.14.1/lib/jcip-annotations-1.0.jar
7f4664002000-7f4664006000 r--s 00027000 08:06 4591584                    /opt/android-studio/gradle/gradle-2.14.1/lib/commons-io-2.2.jar
7f4664006000-7f46640f8000 rw-p 00000000 00:00 0 
7f46640f8000-7f46642c9000 ---p 00000000 00:00 0 
7f46642c9000-7f46642f8000 rw-p 00000000 00:00 0 
7f46642f8000-7f46644c9000 ---p 00000000 00:00 0 
7f46644c9000-7f46645c9000 rw-p 00000000 00:00 0 
7f46645c9000-7f4664661000 rw-p 00000000 00:00 0 
7f4664661000-7f466498a000 ---p 00000000 00:00 0 
7f466498a000-7f46649a4000 r-xp 00000000 08:06 4588773                    /opt/android-studio/jre/jre/lib/amd64/libzip.so
7f46649a4000-7f4664ba4000 ---p 0001a000 08:06 4588773                    /opt/android-studio/jre/jre/lib/amd64/libzip.so
7f4664ba4000-7f4664ba5000 r--p 0001a000 08:06 4588773                    /opt/android-studio/jre/jre/lib/amd64/libzip.so
7f4664ba5000-7f4664ba6000 rw-p 0001b000 08:06 4588773                    /opt/android-studio/jre/jre/lib/amd64/libzip.so
7f4664ba6000-7f4664bb0000 r-xp 00000000 08:06 1314011                    /usr/lib/libnss_files-2.24.so
7f4664bb0000-7f4664db0000 ---p 0000a000 08:06 1314011                    /usr/lib/libnss_files-2.24.so
7f4664db0000-7f4664db1000 r--p 0000a000 08:06 1314011                    /usr/lib/libnss_files-2.24.so
7f4664db1000-7f4664db2000 rw-p 0000b000 08:06 1314011                    /usr/lib/libnss_files-2.24.so
7f4664db2000-7f4664db8000 rw-p 00000000 00:00 0 
7f4664db8000-7f4664de5000 r-xp 00000000 08:06 4588783                    /opt/android-studio/jre/jre/lib/amd64/libjava.so
7f4664de5000-7f4664fe4000 ---p 0002d000 08:06 4588783                    /opt/android-studio/jre/jre/lib/amd64/libjava.so
7f4664fe4000-7f4664fe5000 r--p 0002c000 08:06 4588783                    /opt/android-studio/jre/jre/lib/amd64/libjava.so
7f4664fe5000-7f4664fe7000 rw-p 0002d000 08:06 4588783                    /opt/android-studio/jre/jre/lib/amd64/libjava.so
7f4664fe7000-7f4664ff7000 r-xp 00000000 08:06 4589178                    /opt/android-studio/jre/jre/lib/amd64/libverify.so
7f4664ff7000-7f46651f6000 ---p 00010000 08:06 4589178                    /opt/android-studio/jre/jre/lib/amd64/libverify.so
7f46651f6000-7f46651f8000 r--p 0000f000 08:06 4589178                    /opt/android-studio/jre/jre/lib/amd64/libverify.so
7f46651f8000-7f46651f9000 rw-p 00011000 08:06 4589178                    /opt/android-studio/jre/jre/lib/amd64/libverify.so
7f46651f9000-7f4665200000 r-xp 00000000 08:06 1314019                    /usr/lib/librt-2.24.so
7f4665200000-7f46653ff000 ---p 00007000 08:06 1314019                    /usr/lib/librt-2.24.so
7f46653ff000-7f4665400000 r--p 00006000 08:06 1314019                    /usr/lib/librt-2.24.so
7f4665400000-7f4665401000 rw-p 00007000 08:06 1314019                    /usr/lib/librt-2.24.so
7f4665401000-7f4665504000 r-xp 00000000 08:06 1314016                    /usr/lib/libm-2.24.so
7f4665504000-7f4665703000 ---p 00103000 08:06 1314016                    /usr/lib/libm-2.24.so
7f4665703000-7f4665704000 r--p 00102000 08:06 1314016                    /usr/lib/libm-2.24.so
7f4665704000-7f4665705000 rw-p 00103000 08:06 1314016                    /usr/lib/libm-2.24.so
7f4665705000-7f46662eb000 r-xp 00000000 08:06 4589198                    /opt/android-studio/jre/jre/lib/amd64/server/libjvm.so
7f46662eb000-7f46664eb000 ---p 00be6000 08:06 4589198                    /opt/android-studio/jre/jre/lib/amd64/server/libjvm.so
7f46664eb000-7f466658a000 r--p 00be6000 08:06 4589198                    /opt/android-studio/jre/jre/lib/amd64/server/libjvm.so
7f466658a000-7f46665b3000 rw-p 00c85000 08:06 4589198                    /opt/android-studio/jre/jre/lib/amd64/server/libjvm.so
7f46665b3000-7f46665f5000 rw-p 00000000 00:00 0 
7f46665f5000-7f466660d000 r-xp 00000000 08:06 1313939                    /usr/lib/libpthread-2.24.so
7f466660d000-7f466680c000 ---p 00018000 08:06 1313939                    /usr/lib/libpthread-2.24.so
7f466680c000-7f466680d000 r--p 00017000 08:06 1313939                    /usr/lib/libpthread-2.24.so
7f466680d000-7f466680e000 rw-p 00018000 08:06 1313939                    /usr/lib/libpthread-2.24.so
7f466680e000-7f4666812000 rw-p 00000000 00:00 0 
7f4666812000-7f4666814000 r-xp 00000000 08:06 1314015                    /usr/lib/libdl-2.24.so
7f4666814000-7f4666a14000 ---p 00002000 08:06 1314015                    /usr/lib/libdl-2.24.so
7f4666a14000-7f4666a15000 r--p 00002000 08:06 1314015                    /usr/lib/libdl-2.24.so
7f4666a15000-7f4666a16000 rw-p 00003000 08:06 1314015                    /usr/lib/libdl-2.24.so
7f4666a16000-7f4666bab000 r-xp 00000000 08:06 1313958                    /usr/lib/libc-2.24.so
7f4666bab000-7f4666daa000 ---p 00195000 08:06 1313958                    /usr/lib/libc-2.24.so
7f4666daa000-7f4666dae000 r--p 00194000 08:06 1313958                    /usr/lib/libc-2.24.so
7f4666dae000-7f4666db0000 rw-p 00198000 08:06 1313958                    /usr/lib/libc-2.24.so
7f4666db0000-7f4666db4000 rw-p 00000000 00:00 0 
7f4666db4000-7f4666dca000 r-xp 00000000 08:06 4588663                    /opt/android-studio/jre/lib/amd64/jli/libjli.so
7f4666dca000-7f4666fc9000 ---p 00016000 08:06 4588663                    /opt/android-studio/jre/lib/amd64/jli/libjli.so
7f4666fc9000-7f4666fca000 r--p 00015000 08:06 4588663                    /opt/android-studio/jre/lib/amd64/jli/libjli.so
7f4666fca000-7f4666fcb000 rw-p 00016000 08:06 4588663                    /opt/android-studio/jre/lib/amd64/jli/libjli.so
7f4666fcb000-7f4666fee000 r-xp 00000000 08:06 1313957                    /usr/lib/ld-2.24.so
7f4666fee000-7f4666ffb000 r--s 00083000 08:06 4591713                    /opt/android-studio/gradle/gradle-2.14.1/lib/commons-collections-3.2.2.jar
7f4666ffb000-7f4667000000 r--s 00038000 08:06 4591574                    /opt/android-studio/gradle/gradle-2.14.1/lib/asm-all-5.1.jar
7f4667000000-7f4667005000 r--s 00041000 08:06 4591576                    /opt/android-studio/gradle/gradle-2.14.1/lib/commons-lang-2.6.jar
7f4667005000-7f466700d000 r--s 0003a000 08:06 4591575                    /opt/android-studio/gradle/gradle-2.14.1/lib/gradle-base-services-2.14.1.jar
7f466700d000-7f46670b1000 rw-p 00000000 00:00 0 
7f46670b1000-7f46670b4000 ---p 00000000 00:00 0 
7f46670b4000-7f46671b4000 rw-p 00000000 00:00 0 
7f46671b4000-7f46671b5000 r--s 00001000 08:06 4591589                    /opt/android-studio/gradle/gradle-2.14.1/lib/gradle-process-services-2.14.1.jar
7f46671b5000-7f46671b6000 r--s 00000000 08:06 4591542                    /opt/android-studio/gradle/gradle-2.14.1/lib/gradle-jvm-services-2.14.1.jar
7f46671b6000-7f46671b7000 r--s 00007000 08:06 4591561                    /opt/android-studio/gradle/gradle-2.14.1/lib/slf4j-api-1.7.10.jar
7f46671b7000-7f46671b8000 r--s 00004000 08:06 4591579                    /opt/android-studio/gradle/gradle-2.14.1/lib/ant-launcher-1.9.6.jar
7f46671b8000-7f46671c3000 r--s 00051000 08:06 4591571                    /opt/android-studio/gradle/gradle-2.14.1/lib/gradle-launcher-2.14.1.jar
7f46671c3000-7f46671e1000 rw-p 00000000 00:00 0 
7f46671e1000-7f46671e9000 rw-s 00000000 00:24 1431994                    /tmp/hsperfdata_gabriel/20107
7f46671e9000-7f46671ea000 rw-p 00000000 00:00 0 
7f46671ea000-7f46671eb000 ---p 00000000 00:00 0 
7f46671eb000-7f46671ed000 rw-p 00000000 00:00 0 
7f46671ed000-7f46671ee000 r--p 00022000 08:06 1313957                    /usr/lib/ld-2.24.so
7f46671ee000-7f46671ef000 rw-p 00023000 08:06 1313957                    /usr/lib/ld-2.24.so
7f46671ef000-7f46671f0000 rw-p 00000000 00:00 0 
7ffe3017d000-7ffe3019e000 rw-p 00000000 00:00 0                          [stack]
7ffe301da000-7ffe301dc000 r--p 00000000 00:00 0                          [vvar]
7ffe301dc000-7ffe301de000 r-xp 00000000 00:00 0                          [vdso]
ffffffffff600000-ffffffffff601000 r-xp 00000000 00:00 0                  [vsyscall]

VM Arguments:
jvm_args: -Xmx1536m -Dfile.encoding=UTF-8 -Duser.country=BR -Duser.language=pt -Duser.variant 
java_command: org.gradle.launcher.daemon.bootstrap.GradleDaemon 2.14.1
java_class_path (initial): /opt/android-studio/gradle/gradle-2.14.1/lib/gradle-launcher-2.14.1.jar
Launcher Type: SUN_STANDARD

Environment Variables:
PATH=/usr/local/sbin:/usr/local/bin:/usr/bin:/usr/lib/jvm/default/bin:/usr/bin/site_perl:/usr/bin/vendor_perl:/usr/bin/core_perl
USERNAME=gabriel
LD_LIBRARY_PATH=/opt/android-studio/bin:
SHELL=/bin/bash
DISPLAY=:0

Signal Handlers:
SIGSEGV: [libjvm.so+0x9daac0], sa_mask[0]=11111111011111111101111111111110, sa_flags=SA_RESTART|SA_SIGINFO
SIGBUS: [libjvm.so+0x9daac0], sa_mask[0]=11111111011111111101111111111110, sa_flags=SA_RESTART|SA_SIGINFO
SIGFPE: [libjvm.so+0x840d90], sa_mask[0]=11111111011111111101111111111110, sa_flags=SA_RESTART|SA_SIGINFO
SIGPIPE: [libjvm.so+0x840d90], sa_mask[0]=11111111011111111101111111111110, sa_flags=SA_RESTART|SA_SIGINFO
SIGXFSZ: [libjvm.so+0x840d90], sa_mask[0]=11111111011111111101111111111110, sa_flags=SA_RESTART|SA_SIGINFO
SIGILL: [libjvm.so+0x840d90], sa_mask[0]=11111111011111111101111111111110, sa_flags=SA_RESTART|SA_SIGINFO
SIGUSR1: SIG_DFL, sa_mask[0]=00000000000000000000000000000000, sa_flags=none
SIGUSR2: [libjvm.so+0x840c60], sa_mask[0]=00100000000000000000000000000000, sa_flags=SA_RESTART|SA_SIGINFO
SIGHUP: [libjvm.so+0x840e50], sa_mask[0]=11111111011111111101111111111110, sa_flags=SA_RESTART|SA_SIGINFO
SIGINT: [libjvm.so+0x840e50], sa_mask[0]=11111111011111111101111111111110, sa_flags=SA_RESTART|SA_SIGINFO
SIGTERM: [libjvm.so+0x840e50], sa_mask[0]=11111111011111111101111111111110, sa_flags=SA_RESTART|SA_SIGINFO
SIGQUIT: [libjvm.so+0x840e50], sa_mask[0]=11111111011111111101111111111110, sa_flags=SA_RESTART|SA_SIGINFO


---------------  S Y S T E M  ---------------

OS:NAME="Arch Linux"
ID=arch
PRETTY_NAME="Arch Linux"
ANSI_COLOR="0;36"
HOME_URL="https://www.archlinux.org/"
SUPPORT_URL="https://bbs.archlinux.org/"
BUG_REPORT_URL="https://bugs.archlinux.org/"


uname:Linux 4.7.1-1-ARCH #1 SMP PREEMPT Wed Aug 17 08:13:35 CEST 2016 x86_64
libc:glibc 2.24 NPTL 2.24 
rlimit: STACK 8192k, CORE infinity, NPROC 15796, NOFILE 4096, AS infinity
load average:4,02 1,50 1,10

/proc/meminfo:
MemTotal:        4050992 kB
MemFree:           92160 kB
MemAvailable:      17296 kB
Buffers:            1444 kB
Cached:            72096 kB
SwapCached:         7324 kB
Active:          2801668 kB
Inactive:         969140 kB
Active(anon):    2776756 kB
Inactive(anon):   940948 kB
Active(file):      24912 kB
Inactive(file):    28192 kB
Unevictable:          16 kB
Mlocked:              16 kB
SwapTotal:        409596 kB
SwapFree:              0 kB
Dirty:              3032 kB
Writeback:           460 kB
AnonPages:       3690020 kB
Mapped:            63908 kB
Shmem:             20400 kB
Slab:              67340 kB
SReclaimable:      36520 kB
SUnreclaim:        30820 kB
KernelStack:        9216 kB
PageTables:        34532 kB
NFS_Unstable:          0 kB
Bounce:                0 kB
WritebackTmp:          0 kB
CommitLimit:     2435092 kB
Committed_AS:    7398128 kB
VmallocTotal:   34359738367 kB
VmallocUsed:           0 kB
VmallocChunk:          0 kB
HardwareCorrupted:     0 kB
AnonHugePages:   1722368 kB
HugePages_Total:       0
HugePages_Free:        0
HugePages_Rsvd:        0
HugePages_Surp:        0
Hugepagesize:       2048 kB
DirectMap4k:      130688 kB
DirectMap2M:     4063232 kB


CPU:total 2 (2 cores per cpu, 1 threads per core) family 6 model 23 stepping 6, cmov, cx8, fxsr, mmx, sse, sse2, sse3, ssse3, tsc

/proc/cpuinfo:
processor	: 0
vendor_id	: GenuineIntel
cpu family	: 6
model		: 23
model name	: Pentium(R) Dual-Core  CPU      E5200  @ 2.50GHz
stepping	: 6
microcode	: 0x60c
cpu MHz		: 2493.720
cache size	: 2048 KB
physical id	: 0
siblings	: 2
core id		: 0
cpu cores	: 2
apicid		: 0
initial apicid	: 0
fpu		: yes
fpu_exception	: yes
cpuid level	: 10
wp		: yes
flags		: fpu vme de pse tsc msr pae mce cx8 apic sep mtrr pge mca cmov pat pse36 clflush dts acpi mmx fxsr sse sse2 ss ht tm pbe syscall nx lm constant_tsc arch_perfmon pebs bts rep_good nopl aperfmperf eagerfpu pni dtes64 monitor ds_cpl est tm2 ssse3 cx16 xtpr pdcm lahf_lm dtherm
bugs		:
bogomips	: 4989.25
clflush size	: 64
cache_alignment	: 64
address sizes	: 36 bits physical, 48 bits virtual
power management:

processor	: 1
vendor_id	: GenuineIntel
cpu family	: 6
model		: 23
model name	: Pentium(R) Dual-Core  CPU      E5200  @ 2.50GHz
stepping	: 6
microcode	: 0x60c
cpu MHz		: 2493.720
cache size	: 2048 KB
physical id	: 0
siblings	: 2
core id		: 1
cpu cores	: 2
apicid		: 1
initial apicid	: 1
fpu		: yes
fpu_exception	: yes
cpuid level	: 10
wp		: yes
flags		: fpu vme de pse tsc msr pae mce cx8 apic sep mtrr pge mca cmov pat pse36 clflush dts acpi mmx fxsr sse sse2 ss ht tm pbe syscall nx lm constant_tsc arch_perfmon pebs bts rep_good nopl aperfmperf eagerfpu pni dtes64 monitor ds_cpl est tm2 ssse3 cx16 xtpr pdcm lahf_lm dtherm
bugs		:
bogomips	: 4989.31
clflush size	: 64
cache_alignment	: 64
address sizes	: 36 bits physical, 48 bits virtual
power management:



Memory: 4k page, physical 4050992k(92160k free), swap 409596k(0k free)

vm_info: OpenJDK 64-Bit Server VM (25.76-b03) for linux-amd64 JRE (1.8.0_76-release-b03), built on Jun 29 2016 09:39:19 by "builder" with gcc 4.8.4

time: Sat Oct  8 22:35:03 2016
elapsed time: 122 seconds (0d 0h 2m 2s)

